2017-07-06 14:27:18,073 - Loaded System Directive: org.apache.velocity.runtime.directive.Evaluate
2017-07-06 14:27:18,073 - Loaded System Directive: org.apache.velocity.runtime.directive.Literal
2017-07-06 14:27:18,074 - Loaded System Directive: org.apache.velocity.runtime.directive.Macro
2017-07-06 14:27:18,075 - Loaded System Directive: org.apache.velocity.runtime.directive.Parse
2017-07-06 14:27:18,075 - Loaded System Directive: org.apache.velocity.runtime.directive.Include
2017-07-06 14:27:18,076 - Loaded System Directive: org.apache.velocity.runtime.directive.Foreach
2017-07-06 14:27:18,093 - Created '20' parsers.
2017-07-06 14:27:18,097 - Velocimacro : "velocimacro.library" is not set.  Trying default library: VM_global_library.vm
2017-07-06 14:27:18,097 - Velocimacro : Default library not found.
2017-07-06 14:27:18,097 - Velocimacro : allowInline = true : VMs can be defined inline in templates
2017-07-06 14:27:18,097 - Velocimacro : allowInlineToOverride = false : VMs defined inline may NOT replace previous VM definitions
2017-07-06 14:27:18,097 - Velocimacro : allowInlineLocal = false : VMs defined inline will be global in scope if allowed.
2017-07-06 14:27:18,097 - Velocimacro : autoload off : VM system will not automatically reload global library macros
2017-07-06 14:27:18,111 - ResourceManager : found generatorConfig.vm with loader org.apache.velocity.runtime.resource.loader.FileResourceLoader
2017-07-06 14:27:18,112 - Null reference [template 'generatorConfig.vm', line 49, column 38] : ${generator.jdbc.driver} cannot be resolved.
2017-07-06 14:27:18,112 - Null reference [template 'generatorConfig.vm', line 49, column 79] : ${generator.jdbc.url} cannot be resolved.
2017-07-06 14:27:18,112 - Null reference [template 'generatorConfig.vm', line 49, column 110] : ${generator.jdbc.username} cannot be resolved.
2017-07-06 14:27:18,285 - Parser Exception: index.vm
org.apache.velocity.runtime.parser.ParseException: Encountered " }/style/css/admin.css\" type=\"text/css\" rel=\"stylesheet\" />\r\n<script type=\"text/javascript\" src=\"" at line 8, column 19.
Was expecting one of:
    "[" ...
    "}" ...
    
	at org.apache.velocity.runtime.parser.Parser.generateParseException(Parser.java:3679)
	at org.apache.velocity.runtime.parser.Parser.jj_consume_token(Parser.java:3558)
	at org.apache.velocity.runtime.parser.Parser.Reference(Parser.java:1521)
	at org.apache.velocity.runtime.parser.Parser.Statement(Parser.java:357)
	at org.apache.velocity.runtime.parser.Parser.process(Parser.java:317)
	at org.apache.velocity.runtime.parser.Parser.parse(Parser.java:117)
	at org.apache.velocity.runtime.RuntimeInstance.parse(RuntimeInstance.java:1226)
	at org.apache.velocity.runtime.RuntimeInstance.parse(RuntimeInstance.java:1181)
	at org.apache.velocity.Template.process(Template.java:134)
	at org.apache.velocity.runtime.resource.ResourceManagerImpl.loadResource(ResourceManagerImpl.java:437)
	at org.apache.velocity.runtime.resource.ResourceManagerImpl.getResource(ResourceManagerImpl.java:352)
	at org.apache.velocity.runtime.RuntimeInstance.getTemplate(RuntimeInstance.java:1533)
	at org.apache.velocity.runtime.RuntimeSingleton.getTemplate(RuntimeSingleton.java:317)
	at org.apache.velocity.app.Velocity.getTemplate(Velocity.java:378)
	at edu.development.util.VelocityUtil.generate(VelocityUtil.java:32)
	at edu.development.util.GeneratorUtil.generator(GeneratorUtil.java:223)
	at edu.devlopment.cms.generator.tool.Generator.main(Generator.java:35)
2017-07-06 14:27:18,286 - ResourceManager.getResource() parse exception
org.apache.velocity.exception.ParseErrorException: Encountered " }/style/css/admin.css\" type=\"text/css\" rel=\"stylesheet\" />\r\n<script type=\"text/javascript\" src=\"" at index.vm[line 8, column 19]
Was expecting one of:
    "[" ...
    "}" ...
    
	at org.apache.velocity.Template.process(Template.java:151)
	at org.apache.velocity.runtime.resource.ResourceManagerImpl.loadResource(ResourceManagerImpl.java:437)
	at org.apache.velocity.runtime.resource.ResourceManagerImpl.getResource(ResourceManagerImpl.java:352)
	at org.apache.velocity.runtime.RuntimeInstance.getTemplate(RuntimeInstance.java:1533)
	at org.apache.velocity.runtime.RuntimeSingleton.getTemplate(RuntimeSingleton.java:317)
	at org.apache.velocity.app.Velocity.getTemplate(Velocity.java:378)
	at edu.development.util.VelocityUtil.generate(VelocityUtil.java:32)
	at edu.development.util.GeneratorUtil.generator(GeneratorUtil.java:223)
	at edu.devlopment.cms.generator.tool.Generator.main(Generator.java:35)
2017-07-06 14:28:24,077 - Log4JLogChute initialized using file 'velocity.log'
2017-07-06 14:28:24,078 - Initializing Velocity, Calling init()...
2017-07-06 14:28:24,078 - Starting Apache Velocity v1.7 (compiled: 2010-11-19 12:14:37)
2017-07-06 14:28:24,078 - Default Properties File: org\apache\velocity\runtime\defaults\velocity.properties
2017-07-06 14:28:24,078 - Trying to use logger class org.apache.velocity.runtime.log.AvalonLogChute
2017-07-06 14:28:24,078 - Target log system for org.apache.velocity.runtime.log.AvalonLogChute is not available (java.lang.NoClassDefFoundError: org/apache/log/format/Formatter).  Falling back to next log system...
2017-07-06 14:28:24,078 - Trying to use logger class org.apache.velocity.runtime.log.Log4JLogChute
2017-07-06 14:28:24,078 - Using logger class org.apache.velocity.runtime.log.Log4JLogChute
2017-07-06 14:28:24,080 - ResourceLoader instantiated: org.apache.velocity.runtime.resource.loader.FileResourceLoader
2017-07-06 14:28:24,081 - Do unicode file recognition:  false
2017-07-06 14:28:24,081 - FileResourceLoader : adding path 'E:/work/maven_study/util/target/classes/template/'
2017-07-06 14:28:24,084 - ResourceCache: initialized (class org.apache.velocity.runtime.resource.ResourceCacheImpl) with class java.util.Collections$SynchronizedMap cache map.
2017-07-06 14:28:24,085 - Loaded System Directive: org.apache.velocity.runtime.directive.Stop
2017-07-06 14:28:24,086 - Loaded System Directive: org.apache.velocity.runtime.directive.Define
2017-07-06 14:28:24,087 - Loaded System Directive: org.apache.velocity.runtime.directive.Break
2017-07-06 14:28:24,087 - Loaded System Directive: org.apache.velocity.runtime.directive.Evaluate
2017-07-06 14:28:24,087 - Loaded System Directive: org.apache.velocity.runtime.directive.Literal
2017-07-06 14:28:24,088 - Loaded System Directive: org.apache.velocity.runtime.directive.Macro
2017-07-06 14:28:24,088 - Loaded System Directive: org.apache.velocity.runtime.directive.Parse
2017-07-06 14:28:24,089 - Loaded System Directive: org.apache.velocity.runtime.directive.Include
2017-07-06 14:28:24,090 - Loaded System Directive: org.apache.velocity.runtime.directive.Foreach
2017-07-06 14:28:24,105 - Created '20' parsers.
2017-07-06 14:28:24,108 - Velocimacro : "velocimacro.library" is not set.  Trying default library: VM_global_library.vm
2017-07-06 14:28:24,108 - Velocimacro : Default library not found.
2017-07-06 14:28:24,108 - Velocimacro : allowInline = true : VMs can be defined inline in templates
2017-07-06 14:28:24,108 - Velocimacro : allowInlineToOverride = false : VMs defined inline may NOT replace previous VM definitions
2017-07-06 14:28:24,108 - Velocimacro : allowInlineLocal = false : VMs defined inline will be global in scope if allowed.
2017-07-06 14:28:24,108 - Velocimacro : autoload off : VM system will not automatically reload global library macros
2017-07-06 14:28:24,116 - ResourceManager : found generatorConfig.vm with loader org.apache.velocity.runtime.resource.loader.FileResourceLoader
2017-07-06 14:28:24,118 - Null reference [template 'generatorConfig.vm', line 49, column 38] : ${generator.jdbc.driver} cannot be resolved.
2017-07-06 14:28:24,118 - Null reference [template 'generatorConfig.vm', line 49, column 79] : ${generator.jdbc.url} cannot be resolved.
2017-07-06 14:28:24,118 - Null reference [template 'generatorConfig.vm', line 49, column 110] : ${generator.jdbc.username} cannot be resolved.
2017-07-06 14:28:24,229 - Parser Exception: index.vm
org.apache.velocity.runtime.parser.ParseException: Encountered " ==0?\'selected\':\'\'}>\u4e0d\u53ef\u7528</option>\r\n\t\t\t\t\t\t<option value=\"1\" " at line 141, column 82.
Was expecting one of:
    "[" ...
    "}" ...
    
	at org.apache.velocity.runtime.parser.Parser.generateParseException(Parser.java:3679)
	at org.apache.velocity.runtime.parser.Parser.jj_consume_token(Parser.java:3558)
	at org.apache.velocity.runtime.parser.Parser.Reference(Parser.java:1521)
	at org.apache.velocity.runtime.parser.Parser.Statement(Parser.java:357)
	at org.apache.velocity.runtime.parser.Parser.process(Parser.java:317)
	at org.apache.velocity.runtime.parser.Parser.parse(Parser.java:117)
	at org.apache.velocity.runtime.RuntimeInstance.parse(RuntimeInstance.java:1226)
	at org.apache.velocity.runtime.RuntimeInstance.parse(RuntimeInstance.java:1181)
	at org.apache.velocity.Template.process(Template.java:134)
	at org.apache.velocity.runtime.resource.ResourceManagerImpl.loadResource(ResourceManagerImpl.java:437)
	at org.apache.velocity.runtime.resource.ResourceManagerImpl.getResource(ResourceManagerImpl.java:352)
	at org.apache.velocity.runtime.RuntimeInstance.getTemplate(RuntimeInstance.java:1533)
	at org.apache.velocity.runtime.RuntimeSingleton.getTemplate(RuntimeSingleton.java:317)
	at org.apache.velocity.app.Velocity.getTemplate(Velocity.java:378)
	at edu.development.util.VelocityUtil.generate(VelocityUtil.java:32)
	at edu.development.util.GeneratorUtil.generator(GeneratorUtil.java:223)
	at edu.devlopment.cms.generator.tool.Generator.main(Generator.java:35)
2017-07-06 14:28:24,230 - ResourceManager.getResource() parse exception
org.apache.velocity.exception.ParseErrorException: Encountered " ==0?\'selected\':\'\'}>\u4e0d\u53ef\u7528</option>\r\n\t\t\t\t\t\t<option value=\"1\" " at index.vm[line 141, column 82]
Was expecting one of:
    "[" ...
    "}" ...
    
	at org.apache.velocity.Template.process(Template.java:151)
	at org.apache.velocity.runtime.resource.ResourceManagerImpl.loadResource(ResourceManagerImpl.java:437)
	at org.apache.velocity.runtime.resource.ResourceManagerImpl.getResource(ResourceManagerImpl.java:352)
	at org.apache.velocity.runtime.RuntimeInstance.getTemplate(RuntimeInstance.java:1533)
	at org.apache.velocity.runtime.RuntimeSingleton.getTemplate(RuntimeSingleton.java:317)
	at org.apache.velocity.app.Velocity.getTemplate(Velocity.java:378)
	at edu.development.util.VelocityUtil.generate(VelocityUtil.java:32)
	at edu.development.util.GeneratorUtil.generator(GeneratorUtil.java:223)
	at edu.devlopment.cms.generator.tool.Generator.main(Generator.java:35)
2017-07-06 14:31:19,755 - Log4JLogChute initialized using file 'velocity.log'
2017-07-06 14:31:19,756 - Initializing Velocity, Calling init()...
2017-07-06 14:31:19,756 - Starting Apache Velocity v1.7 (compiled: 2010-11-19 12:14:37)
2017-07-06 14:31:19,756 - Default Properties File: org\apache\velocity\runtime\defaults\velocity.properties
2017-07-06 14:31:19,756 - Trying to use logger class org.apache.velocity.runtime.log.AvalonLogChute
2017-07-06 14:31:19,756 - Target log system for org.apache.velocity.runtime.log.AvalonLogChute is not available (java.lang.NoClassDefFoundError: org/apache/log/format/Formatter).  Falling back to next log system...
2017-07-06 14:31:19,756 - Trying to use logger class org.apache.velocity.runtime.log.Log4JLogChute
2017-07-06 14:31:19,756 - Using logger class org.apache.velocity.runtime.log.Log4JLogChute
2017-07-06 14:31:19,758 - ResourceLoader instantiated: org.apache.velocity.runtime.resource.loader.FileResourceLoader
2017-07-06 14:31:19,759 - Do unicode file recognition:  false
2017-07-06 14:31:19,759 - FileResourceLoader : adding path 'E:/work/maven_study/util/target/classes/template/'
2017-07-06 14:31:19,763 - ResourceCache: initialized (class org.apache.velocity.runtime.resource.ResourceCacheImpl) with class java.util.Collections$SynchronizedMap cache map.
2017-07-06 14:31:19,763 - Loaded System Directive: org.apache.velocity.runtime.directive.Stop
2017-07-06 14:31:19,764 - Loaded System Directive: org.apache.velocity.runtime.directive.Define
2017-07-06 14:31:19,765 - Loaded System Directive: org.apache.velocity.runtime.directive.Break
2017-07-06 14:31:19,765 - Loaded System Directive: org.apache.velocity.runtime.directive.Evaluate
2017-07-06 14:31:19,765 - Loaded System Directive: org.apache.velocity.runtime.directive.Literal
2017-07-06 14:31:19,766 - Loaded System Directive: org.apache.velocity.runtime.directive.Macro
2017-07-06 14:31:19,767 - Loaded System Directive: org.apache.velocity.runtime.directive.Parse
2017-07-06 14:31:19,767 - Loaded System Directive: org.apache.velocity.runtime.directive.Include
2017-07-06 14:31:19,768 - Loaded System Directive: org.apache.velocity.runtime.directive.Foreach
2017-07-06 14:31:19,783 - Created '20' parsers.
2017-07-06 14:31:19,785 - Velocimacro : "velocimacro.library" is not set.  Trying default library: VM_global_library.vm
2017-07-06 14:31:19,786 - Velocimacro : Default library not found.
2017-07-06 14:31:19,786 - Velocimacro : allowInline = true : VMs can be defined inline in templates
2017-07-06 14:31:19,786 - Velocimacro : allowInlineToOverride = false : VMs defined inline may NOT replace previous VM definitions
2017-07-06 14:31:19,786 - Velocimacro : allowInlineLocal = false : VMs defined inline will be global in scope if allowed.
2017-07-06 14:31:19,786 - Velocimacro : autoload off : VM system will not automatically reload global library macros
2017-07-06 14:31:19,794 - ResourceManager : found generatorConfig.vm with loader org.apache.velocity.runtime.resource.loader.FileResourceLoader
2017-07-06 14:31:19,796 - Null reference [template 'generatorConfig.vm', line 49, column 38] : ${generator.jdbc.driver} cannot be resolved.
2017-07-06 14:31:19,796 - Null reference [template 'generatorConfig.vm', line 49, column 79] : ${generator.jdbc.url} cannot be resolved.
2017-07-06 14:31:19,796 - Null reference [template 'generatorConfig.vm', line 49, column 110] : ${generator.jdbc.username} cannot be resolved.
2017-07-06 14:31:19,908 - Parser Exception: index.vm
org.apache.velocity.runtime.parser.ParseException: Encountered " ==0?\'selected\':\'\'}>\u4e0d\u53ef\u7528</option>\r\n\t\t\t\t\t\t<option value=\"1\" " at line 141, column 83.
Was expecting one of:
    "[" ...
    "}" ...
    
	at org.apache.velocity.runtime.parser.Parser.generateParseException(Parser.java:3679)
	at org.apache.velocity.runtime.parser.Parser.jj_consume_token(Parser.java:3558)
	at org.apache.velocity.runtime.parser.Parser.Reference(Parser.java:1521)
	at org.apache.velocity.runtime.parser.Parser.Statement(Parser.java:357)
	at org.apache.velocity.runtime.parser.Parser.process(Parser.java:317)
	at org.apache.velocity.runtime.parser.Parser.parse(Parser.java:117)
	at org.apache.velocity.runtime.RuntimeInstance.parse(RuntimeInstance.java:1226)
	at org.apache.velocity.runtime.RuntimeInstance.parse(RuntimeInstance.java:1181)
	at org.apache.velocity.Template.process(Template.java:134)
	at org.apache.velocity.runtime.resource.ResourceManagerImpl.loadResource(ResourceManagerImpl.java:437)
	at org.apache.velocity.runtime.resource.ResourceManagerImpl.getResource(ResourceManagerImpl.java:352)
	at org.apache.velocity.runtime.RuntimeInstance.getTemplate(RuntimeInstance.java:1533)
	at org.apache.velocity.runtime.RuntimeSingleton.getTemplate(RuntimeSingleton.java:317)
	at org.apache.velocity.app.Velocity.getTemplate(Velocity.java:378)
	at edu.development.util.VelocityUtil.generate(VelocityUtil.java:32)
	at edu.development.util.GeneratorUtil.generator(GeneratorUtil.java:223)
	at edu.devlopment.cms.generator.tool.Generator.main(Generator.java:35)
2017-07-06 14:31:19,909 - ResourceManager.getResource() parse exception
org.apache.velocity.exception.ParseErrorException: Encountered " ==0?\'selected\':\'\'}>\u4e0d\u53ef\u7528</option>\r\n\t\t\t\t\t\t<option value=\"1\" " at index.vm[line 141, column 83]
Was expecting one of:
    "[" ...
    "}" ...
    
	at org.apache.velocity.Template.process(Template.java:151)
	at org.apache.velocity.runtime.resource.ResourceManagerImpl.loadResource(ResourceManagerImpl.java:437)
	at org.apache.velocity.runtime.resource.ResourceManagerImpl.getResource(ResourceManagerImpl.java:352)
	at org.apache.velocity.runtime.RuntimeInstance.getTemplate(RuntimeInstance.java:1533)
	at org.apache.velocity.runtime.RuntimeSingleton.getTemplate(RuntimeSingleton.java:317)
	at org.apache.velocity.app.Velocity.getTemplate(Velocity.java:378)
	at edu.development.util.VelocityUtil.generate(VelocityUtil.java:32)
	at edu.development.util.GeneratorUtil.generator(GeneratorUtil.java:223)
	at edu.devlopment.cms.generator.tool.Generator.main(Generator.java:35)
2017-07-06 14:32:24,472 - Log4JLogChute initialized using file 'velocity.log'
2017-07-06 14:32:24,472 - Initializing Velocity, Calling init()...
2017-07-06 14:32:24,472 - Starting Apache Velocity v1.7 (compiled: 2010-11-19 12:14:37)
2017-07-06 14:32:24,472 - Default Properties File: org\apache\velocity\runtime\defaults\velocity.properties
2017-07-06 14:32:24,472 - Trying to use logger class org.apache.velocity.runtime.log.AvalonLogChute
2017-07-06 14:32:24,472 - Target log system for org.apache.velocity.runtime.log.AvalonLogChute is not available (java.lang.NoClassDefFoundError: org/apache/log/format/Formatter).  Falling back to next log system...
2017-07-06 14:32:24,472 - Trying to use logger class org.apache.velocity.runtime.log.Log4JLogChute
2017-07-06 14:32:24,472 - Using logger class org.apache.velocity.runtime.log.Log4JLogChute
2017-07-06 14:32:24,475 - ResourceLoader instantiated: org.apache.velocity.runtime.resource.loader.FileResourceLoader
2017-07-06 14:32:24,475 - Do unicode file recognition:  false
2017-07-06 14:32:24,475 - FileResourceLoader : adding path 'E:/work/maven_study/util/target/classes/template/'
2017-07-06 14:32:24,479 - ResourceCache: initialized (class org.apache.velocity.runtime.resource.ResourceCacheImpl) with class java.util.Collections$SynchronizedMap cache map.
2017-07-06 14:32:24,479 - Loaded System Directive: org.apache.velocity.runtime.directive.Stop
2017-07-06 14:32:24,480 - Loaded System Directive: org.apache.velocity.runtime.directive.Define
2017-07-06 14:32:24,481 - Loaded System Directive: org.apache.velocity.runtime.directive.Break
2017-07-06 14:32:24,481 - Loaded System Directive: org.apache.velocity.runtime.directive.Evaluate
2017-07-06 14:32:24,481 - Loaded System Directive: org.apache.velocity.runtime.directive.Literal
2017-07-06 14:32:24,482 - Loaded System Directive: org.apache.velocity.runtime.directive.Macro
2017-07-06 14:32:24,483 - Loaded System Directive: org.apache.velocity.runtime.directive.Parse
2017-07-06 14:32:24,483 - Loaded System Directive: org.apache.velocity.runtime.directive.Include
2017-07-06 14:32:24,484 - Loaded System Directive: org.apache.velocity.runtime.directive.Foreach
2017-07-06 14:32:24,499 - Created '20' parsers.
2017-07-06 14:32:24,502 - Velocimacro : "velocimacro.library" is not set.  Trying default library: VM_global_library.vm
2017-07-06 14:32:24,502 - Velocimacro : Default library not found.
2017-07-06 14:32:24,502 - Velocimacro : allowInline = true : VMs can be defined inline in templates
2017-07-06 14:32:24,502 - Velocimacro : allowInlineToOverride = false : VMs defined inline may NOT replace previous VM definitions
2017-07-06 14:32:24,502 - Velocimacro : allowInlineLocal = false : VMs defined inline will be global in scope if allowed.
2017-07-06 14:32:24,502 - Velocimacro : autoload off : VM system will not automatically reload global library macros
2017-07-06 14:32:24,510 - ResourceManager : found generatorConfig.vm with loader org.apache.velocity.runtime.resource.loader.FileResourceLoader
2017-07-06 14:32:24,511 - Null reference [template 'generatorConfig.vm', line 49, column 38] : ${generator.jdbc.driver} cannot be resolved.
2017-07-06 14:32:24,512 - Null reference [template 'generatorConfig.vm', line 49, column 79] : ${generator.jdbc.url} cannot be resolved.
2017-07-06 14:32:24,512 - Null reference [template 'generatorConfig.vm', line 49, column 110] : ${generator.jdbc.username} cannot be resolved.
2017-07-06 14:32:24,624 - Parser Exception: index.vm
org.apache.velocity.runtime.parser.ParseException: Encountered "==0}\">\r\n\t\t\t\t\t\t\t\t\t<font color=\"red\">\u4e0d\u53ef\u7528</font>\r\n\t\t\t\t\t\t\t\t</c:if>\r\n\t\t\t\t\t\t\t\t<c:if test=\"" at line 189, column 91.
Was expecting one of:
    "[" ...
    "}" ...
    
	at org.apache.velocity.runtime.parser.Parser.generateParseException(Parser.java:3679)
	at org.apache.velocity.runtime.parser.Parser.jj_consume_token(Parser.java:3558)
	at org.apache.velocity.runtime.parser.Parser.Reference(Parser.java:1521)
	at org.apache.velocity.runtime.parser.Parser.Statement(Parser.java:357)
	at org.apache.velocity.runtime.parser.Parser.process(Parser.java:317)
	at org.apache.velocity.runtime.parser.Parser.parse(Parser.java:117)
	at org.apache.velocity.runtime.RuntimeInstance.parse(RuntimeInstance.java:1226)
	at org.apache.velocity.runtime.RuntimeInstance.parse(RuntimeInstance.java:1181)
	at org.apache.velocity.Template.process(Template.java:134)
	at org.apache.velocity.runtime.resource.ResourceManagerImpl.loadResource(ResourceManagerImpl.java:437)
	at org.apache.velocity.runtime.resource.ResourceManagerImpl.getResource(ResourceManagerImpl.java:352)
	at org.apache.velocity.runtime.RuntimeInstance.getTemplate(RuntimeInstance.java:1533)
	at org.apache.velocity.runtime.RuntimeSingleton.getTemplate(RuntimeSingleton.java:317)
	at org.apache.velocity.app.Velocity.getTemplate(Velocity.java:378)
	at edu.development.util.VelocityUtil.generate(VelocityUtil.java:32)
	at edu.development.util.GeneratorUtil.generator(GeneratorUtil.java:223)
	at edu.devlopment.cms.generator.tool.Generator.main(Generator.java:35)
2017-07-06 14:32:24,625 - ResourceManager.getResource() parse exception
org.apache.velocity.exception.ParseErrorException: Encountered "==0}\">\r\n\t\t\t\t\t\t\t\t\t<font color=\"red\">\u4e0d\u53ef\u7528</font>\r\n\t\t\t\t\t\t\t\t</c:if>\r\n\t\t\t\t\t\t\t\t<c:if test=\"" at index.vm[line 189, column 91]
Was expecting one of:
    "[" ...
    "}" ...
    
	at org.apache.velocity.Template.process(Template.java:151)
	at org.apache.velocity.runtime.resource.ResourceManagerImpl.loadResource(ResourceManagerImpl.java:437)
	at org.apache.velocity.runtime.resource.ResourceManagerImpl.getResource(ResourceManagerImpl.java:352)
	at org.apache.velocity.runtime.RuntimeInstance.getTemplate(RuntimeInstance.java:1533)
	at org.apache.velocity.runtime.RuntimeSingleton.getTemplate(RuntimeSingleton.java:317)
	at org.apache.velocity.app.Velocity.getTemplate(Velocity.java:378)
	at edu.development.util.VelocityUtil.generate(VelocityUtil.java:32)
	at edu.development.util.GeneratorUtil.generator(GeneratorUtil.java:223)
	at edu.devlopment.cms.generator.tool.Generator.main(Generator.java:35)
2017-07-06 14:32:54,803 - Log4JLogChute initialized using file 'velocity.log'
2017-07-06 14:32:54,803 - Initializing Velocity, Calling init()...
2017-07-06 14:32:54,803 - Starting Apache Velocity v1.7 (compiled: 2010-11-19 12:14:37)
2017-07-06 14:32:54,803 - Default Properties File: org\apache\velocity\runtime\defaults\velocity.properties
2017-07-06 14:32:54,803 - Trying to use logger class org.apache.velocity.runtime.log.AvalonLogChute
2017-07-06 14:32:54,803 - Target log system for org.apache.velocity.runtime.log.AvalonLogChute is not available (java.lang.NoClassDefFoundError: org/apache/log/format/Formatter).  Falling back to next log system...
2017-07-06 14:32:54,803 - Trying to use logger class org.apache.velocity.runtime.log.Log4JLogChute
2017-07-06 14:32:54,804 - Using logger class org.apache.velocity.runtime.log.Log4JLogChute
2017-07-06 14:32:54,806 - ResourceLoader instantiated: org.apache.velocity.runtime.resource.loader.FileResourceLoader
2017-07-06 14:32:54,806 - Do unicode file recognition:  false
2017-07-06 14:32:54,806 - FileResourceLoader : adding path 'E:/work/maven_study/util/target/classes/template/'
2017-07-06 14:32:54,810 - ResourceCache: initialized (class org.apache.velocity.runtime.resource.ResourceCacheImpl) with class java.util.Collections$SynchronizedMap cache map.
2017-07-06 14:32:54,811 - Loaded System Directive: org.apache.velocity.runtime.directive.Stop
2017-07-06 14:32:54,811 - Loaded System Directive: org.apache.velocity.runtime.directive.Define
2017-07-06 14:32:54,812 - Loaded System Directive: org.apache.velocity.runtime.directive.Break
2017-07-06 14:32:54,813 - Loaded System Directive: org.apache.velocity.runtime.directive.Evaluate
2017-07-06 14:32:54,813 - Loaded System Directive: org.apache.velocity.runtime.directive.Literal
2017-07-06 14:32:54,814 - Loaded System Directive: org.apache.velocity.runtime.directive.Macro
2017-07-06 14:32:54,815 - Loaded System Directive: org.apache.velocity.runtime.directive.Parse
2017-07-06 14:32:54,815 - Loaded System Directive: org.apache.velocity.runtime.directive.Include
2017-07-06 14:32:54,816 - Loaded System Directive: org.apache.velocity.runtime.directive.Foreach
2017-07-06 14:32:54,831 - Created '20' parsers.
2017-07-06 14:32:54,834 - Velocimacro : "velocimacro.library" is not set.  Trying default library: VM_global_library.vm
2017-07-06 14:32:54,834 - Velocimacro : Default library not found.
2017-07-06 14:32:54,834 - Velocimacro : allowInline = true : VMs can be defined inline in templates
2017-07-06 14:32:54,834 - Velocimacro : allowInlineToOverride = false : VMs defined inline may NOT replace previous VM definitions
2017-07-06 14:32:54,834 - Velocimacro : allowInlineLocal = false : VMs defined inline will be global in scope if allowed.
2017-07-06 14:32:54,834 - Velocimacro : autoload off : VM system will not automatically reload global library macros
2017-07-06 14:32:54,842 - ResourceManager : found generatorConfig.vm with loader org.apache.velocity.runtime.resource.loader.FileResourceLoader
2017-07-06 14:32:54,844 - Null reference [template 'generatorConfig.vm', line 49, column 38] : ${generator.jdbc.driver} cannot be resolved.
2017-07-06 14:32:54,844 - Null reference [template 'generatorConfig.vm', line 49, column 79] : ${generator.jdbc.url} cannot be resolved.
2017-07-06 14:32:54,844 - Null reference [template 'generatorConfig.vm', line 49, column 110] : ${generator.jdbc.username} cannot be resolved.
2017-07-06 14:32:54,955 - ResourceManager : found index.vm with loader org.apache.velocity.runtime.resource.loader.FileResourceLoader
2017-07-06 14:34:11,390 - Log4JLogChute initialized using file 'velocity.log'
2017-07-06 14:34:11,390 - Initializing Velocity, Calling init()...
2017-07-06 14:34:11,390 - Starting Apache Velocity v1.7 (compiled: 2010-11-19 12:14:37)
2017-07-06 14:34:11,390 - Default Properties File: org\apache\velocity\runtime\defaults\velocity.properties
2017-07-06 14:34:11,390 - Trying to use logger class org.apache.velocity.runtime.log.AvalonLogChute
2017-07-06 14:34:11,390 - Target log system for org.apache.velocity.runtime.log.AvalonLogChute is not available (java.lang.NoClassDefFoundError: org/apache/log/format/Formatter).  Falling back to next log system...
2017-07-06 14:34:11,390 - Trying to use logger class org.apache.velocity.runtime.log.Log4JLogChute
2017-07-06 14:34:11,390 - Using logger class org.apache.velocity.runtime.log.Log4JLogChute
2017-07-06 14:34:11,393 - ResourceLoader instantiated: org.apache.velocity.runtime.resource.loader.FileResourceLoader
2017-07-06 14:34:11,393 - Do unicode file recognition:  false
2017-07-06 14:34:11,393 - FileResourceLoader : adding path 'E:/work/maven_study/util/target/classes/template/'
2017-07-06 14:34:11,397 - ResourceCache: initialized (class org.apache.velocity.runtime.resource.ResourceCacheImpl) with class java.util.Collections$SynchronizedMap cache map.
2017-07-06 14:34:11,398 - Loaded System Directive: org.apache.velocity.runtime.directive.Stop
2017-07-06 14:34:11,398 - Loaded System Directive: org.apache.velocity.runtime.directive.Define
2017-07-06 14:34:11,399 - Loaded System Directive: org.apache.velocity.runtime.directive.Break
2017-07-06 14:34:11,399 - Loaded System Directive: org.apache.velocity.runtime.directive.Evaluate
2017-07-06 14:34:11,400 - Loaded System Directive: org.apache.velocity.runtime.directive.Literal
2017-07-06 14:34:11,400 - Loaded System Directive: org.apache.velocity.runtime.directive.Macro
2017-07-06 14:34:11,401 - Loaded System Directive: org.apache.velocity.runtime.directive.Parse
2017-07-06 14:34:11,401 - Loaded System Directive: org.apache.velocity.runtime.directive.Include
2017-07-06 14:34:11,402 - Loaded System Directive: org.apache.velocity.runtime.directive.Foreach
2017-07-06 14:34:11,417 - Created '20' parsers.
2017-07-06 14:34:11,420 - Velocimacro : "velocimacro.library" is not set.  Trying default library: VM_global_library.vm
2017-07-06 14:34:11,420 - Velocimacro : Default library not found.
2017-07-06 14:34:11,420 - Velocimacro : allowInline = true : VMs can be defined inline in templates
2017-07-06 14:34:11,420 - Velocimacro : allowInlineToOverride = false : VMs defined inline may NOT replace previous VM definitions
2017-07-06 14:34:11,420 - Velocimacro : allowInlineLocal = false : VMs defined inline will be global in scope if allowed.
2017-07-06 14:34:11,420 - Velocimacro : autoload off : VM system will not automatically reload global library macros
2017-07-06 14:34:11,428 - ResourceManager : found generatorConfig.vm with loader org.apache.velocity.runtime.resource.loader.FileResourceLoader
2017-07-06 14:34:11,430 - Null reference [template 'generatorConfig.vm', line 49, column 38] : ${generator.jdbc.driver} cannot be resolved.
2017-07-06 14:34:11,430 - Null reference [template 'generatorConfig.vm', line 49, column 79] : ${generator.jdbc.url} cannot be resolved.
2017-07-06 14:34:11,430 - Null reference [template 'generatorConfig.vm', line 49, column 110] : ${generator.jdbc.username} cannot be resolved.
2017-07-06 14:34:11,542 - ResourceManager : found index.vm with loader org.apache.velocity.runtime.resource.loader.FileResourceLoader
2017-07-06 14:35:11,646 - Log4JLogChute initialized using file 'velocity.log'
2017-07-06 14:35:11,646 - Initializing Velocity, Calling init()...
2017-07-06 14:35:11,646 - Starting Apache Velocity v1.7 (compiled: 2010-11-19 12:14:37)
2017-07-06 14:35:11,646 - Default Properties File: org\apache\velocity\runtime\defaults\velocity.properties
2017-07-06 14:35:11,646 - Trying to use logger class org.apache.velocity.runtime.log.AvalonLogChute
2017-07-06 14:35:11,646 - Target log system for org.apache.velocity.runtime.log.AvalonLogChute is not available (java.lang.NoClassDefFoundError: org/apache/log/format/Formatter).  Falling back to next log system...
2017-07-06 14:35:11,646 - Trying to use logger class org.apache.velocity.runtime.log.Log4JLogChute
2017-07-06 14:35:11,646 - Using logger class org.apache.velocity.runtime.log.Log4JLogChute
2017-07-06 14:35:11,649 - ResourceLoader instantiated: org.apache.velocity.runtime.resource.loader.FileResourceLoader
2017-07-06 14:35:11,650 - Do unicode file recognition:  false
2017-07-06 14:35:11,650 - FileResourceLoader : adding path 'E:/work/maven_study/util/target/classes/template/'
2017-07-06 14:35:11,653 - ResourceCache: initialized (class org.apache.velocity.runtime.resource.ResourceCacheImpl) with class java.util.Collections$SynchronizedMap cache map.
2017-07-06 14:35:11,654 - Loaded System Directive: org.apache.velocity.runtime.directive.Stop
2017-07-06 14:35:11,654 - Loaded System Directive: org.apache.velocity.runtime.directive.Define
2017-07-06 14:35:11,655 - Loaded System Directive: org.apache.velocity.runtime.directive.Break
2017-07-06 14:35:11,656 - Loaded System Directive: org.apache.velocity.runtime.directive.Evaluate
2017-07-06 14:35:11,656 - Loaded System Directive: org.apache.velocity.runtime.directive.Literal
2017-07-06 14:35:11,657 - Loaded System Directive: org.apache.velocity.runtime.directive.Macro
2017-07-06 14:35:11,657 - Loaded System Directive: org.apache.velocity.runtime.directive.Parse
2017-07-06 14:35:11,658 - Loaded System Directive: org.apache.velocity.runtime.directive.Include
2017-07-06 14:35:11,658 - Loaded System Directive: org.apache.velocity.runtime.directive.Foreach
2017-07-06 14:35:11,674 - Created '20' parsers.
2017-07-06 14:35:11,677 - Velocimacro : "velocimacro.library" is not set.  Trying default library: VM_global_library.vm
2017-07-06 14:35:11,677 - Velocimacro : Default library not found.
2017-07-06 14:35:11,677 - Velocimacro : allowInline = true : VMs can be defined inline in templates
2017-07-06 14:35:11,677 - Velocimacro : allowInlineToOverride = false : VMs defined inline may NOT replace previous VM definitions
2017-07-06 14:35:11,677 - Velocimacro : allowInlineLocal = false : VMs defined inline will be global in scope if allowed.
2017-07-06 14:35:11,677 - Velocimacro : autoload off : VM system will not automatically reload global library macros
2017-07-06 14:35:11,685 - ResourceManager : found generatorConfig.vm with loader org.apache.velocity.runtime.resource.loader.FileResourceLoader
2017-07-06 14:35:11,687 - Null reference [template 'generatorConfig.vm', line 49, column 38] : ${generator.jdbc.driver} cannot be resolved.
2017-07-06 14:35:11,687 - Null reference [template 'generatorConfig.vm', line 49, column 79] : ${generator.jdbc.url} cannot be resolved.
2017-07-06 14:35:11,687 - Null reference [template 'generatorConfig.vm', line 49, column 110] : ${generator.jdbc.username} cannot be resolved.
2017-07-06 14:35:11,807 - ResourceManager : found index.vm with loader org.apache.velocity.runtime.resource.loader.FileResourceLoader
2017-07-06 14:37:05,297 - Log4JLogChute initialized using file 'velocity.log'
2017-07-06 14:37:05,297 - Initializing Velocity, Calling init()...
2017-07-06 14:37:05,297 - Starting Apache Velocity v1.7 (compiled: 2010-11-19 12:14:37)
2017-07-06 14:37:05,297 - Default Properties File: org\apache\velocity\runtime\defaults\velocity.properties
2017-07-06 14:37:05,297 - Trying to use logger class org.apache.velocity.runtime.log.AvalonLogChute
2017-07-06 14:37:05,297 - Target log system for org.apache.velocity.runtime.log.AvalonLogChute is not available (java.lang.NoClassDefFoundError: org/apache/log/format/Formatter).  Falling back to next log system...
2017-07-06 14:37:05,297 - Trying to use logger class org.apache.velocity.runtime.log.Log4JLogChute
2017-07-06 14:37:05,297 - Using logger class org.apache.velocity.runtime.log.Log4JLogChute
2017-07-06 14:37:05,300 - ResourceLoader instantiated: org.apache.velocity.runtime.resource.loader.FileResourceLoader
2017-07-06 14:37:05,301 - Do unicode file recognition:  false
2017-07-06 14:37:05,301 - FileResourceLoader : adding path 'E:/work/maven_study/util/target/classes/template/'
2017-07-06 14:37:05,305 - ResourceCache: initialized (class org.apache.velocity.runtime.resource.ResourceCacheImpl) with class java.util.Collections$SynchronizedMap cache map.
2017-07-06 14:37:05,306 - Loaded System Directive: org.apache.velocity.runtime.directive.Stop
2017-07-06 14:37:05,307 - Loaded System Directive: org.apache.velocity.runtime.directive.Define
2017-07-06 14:37:05,308 - Loaded System Directive: org.apache.velocity.runtime.directive.Break
2017-07-06 14:37:05,308 - Loaded System Directive: org.apache.velocity.runtime.directive.Evaluate
2017-07-06 14:37:05,308 - Loaded System Directive: org.apache.velocity.runtime.directive.Literal
2017-07-06 14:37:05,309 - Loaded System Directive: org.apache.velocity.runtime.directive.Macro
2017-07-06 14:37:05,310 - Loaded System Directive: org.apache.velocity.runtime.directive.Parse
2017-07-06 14:37:05,310 - Loaded System Directive: org.apache.velocity.runtime.directive.Include
2017-07-06 14:37:05,311 - Loaded System Directive: org.apache.velocity.runtime.directive.Foreach
2017-07-06 14:37:05,328 - Created '20' parsers.
2017-07-06 14:37:05,331 - Velocimacro : "velocimacro.library" is not set.  Trying default library: VM_global_library.vm
2017-07-06 14:37:05,331 - Velocimacro : Default library not found.
2017-07-06 14:37:05,331 - Velocimacro : allowInline = true : VMs can be defined inline in templates
2017-07-06 14:37:05,331 - Velocimacro : allowInlineToOverride = false : VMs defined inline may NOT replace previous VM definitions
2017-07-06 14:37:05,331 - Velocimacro : allowInlineLocal = false : VMs defined inline will be global in scope if allowed.
2017-07-06 14:37:05,331 - Velocimacro : autoload off : VM system will not automatically reload global library macros
2017-07-06 14:37:05,368 - ResourceManager : found generatorConfig.vm with loader org.apache.velocity.runtime.resource.loader.FileResourceLoader
2017-07-06 14:37:05,370 - Null reference [template 'generatorConfig.vm', line 49, column 38] : ${generator.jdbc.driver} cannot be resolved.
2017-07-06 14:37:05,370 - Null reference [template 'generatorConfig.vm', line 49, column 79] : ${generator.jdbc.url} cannot be resolved.
2017-07-06 14:37:05,370 - Null reference [template 'generatorConfig.vm', line 49, column 110] : ${generator.jdbc.username} cannot be resolved.
2017-07-06 14:37:28,427 - ResourceManager : found index.vm with loader org.apache.velocity.runtime.resource.loader.FileResourceLoader
2017-07-06 14:38:05,875 - Log4JLogChute initialized using file 'velocity.log'
2017-07-06 14:38:05,876 - Initializing Velocity, Calling init()...
2017-07-06 14:38:05,876 - Starting Apache Velocity v1.7 (compiled: 2010-11-19 12:14:37)
2017-07-06 14:38:05,876 - Default Properties File: org\apache\velocity\runtime\defaults\velocity.properties
2017-07-06 14:38:05,876 - Trying to use logger class org.apache.velocity.runtime.log.AvalonLogChute
2017-07-06 14:38:05,876 - Target log system for org.apache.velocity.runtime.log.AvalonLogChute is not available (java.lang.NoClassDefFoundError: org/apache/log/format/Formatter).  Falling back to next log system...
2017-07-06 14:38:05,876 - Trying to use logger class org.apache.velocity.runtime.log.Log4JLogChute
2017-07-06 14:38:05,876 - Using logger class org.apache.velocity.runtime.log.Log4JLogChute
2017-07-06 14:38:05,878 - ResourceLoader instantiated: org.apache.velocity.runtime.resource.loader.FileResourceLoader
2017-07-06 14:38:05,879 - Do unicode file recognition:  false
2017-07-06 14:38:05,879 - FileResourceLoader : adding path 'E:/work/maven_study/util/target/classes/template/'
2017-07-06 14:38:05,883 - ResourceCache: initialized (class org.apache.velocity.runtime.resource.ResourceCacheImpl) with class java.util.Collections$SynchronizedMap cache map.
2017-07-06 14:38:05,883 - Loaded System Directive: org.apache.velocity.runtime.directive.Stop
2017-07-06 14:38:05,884 - Loaded System Directive: org.apache.velocity.runtime.directive.Define
2017-07-06 14:38:05,885 - Loaded System Directive: org.apache.velocity.runtime.directive.Break
2017-07-06 14:38:05,885 - Loaded System Directive: org.apache.velocity.runtime.directive.Evaluate
2017-07-06 14:38:05,885 - Loaded System Directive: org.apache.velocity.runtime.directive.Literal
2017-07-06 14:38:05,886 - Loaded System Directive: org.apache.velocity.runtime.directive.Macro
2017-07-06 14:38:05,887 - Loaded System Directive: org.apache.velocity.runtime.directive.Parse
2017-07-06 14:38:05,887 - Loaded System Directive: org.apache.velocity.runtime.directive.Include
2017-07-06 14:38:05,888 - Loaded System Directive: org.apache.velocity.runtime.directive.Foreach
2017-07-06 14:38:05,902 - Created '20' parsers.
2017-07-06 14:38:05,905 - Velocimacro : "velocimacro.library" is not set.  Trying default library: VM_global_library.vm
2017-07-06 14:38:05,905 - Velocimacro : Default library not found.
2017-07-06 14:38:05,905 - Velocimacro : allowInline = true : VMs can be defined inline in templates
2017-07-06 14:38:05,905 - Velocimacro : allowInlineToOverride = false : VMs defined inline may NOT replace previous VM definitions
2017-07-06 14:38:05,905 - Velocimacro : allowInlineLocal = false : VMs defined inline will be global in scope if allowed.
2017-07-06 14:38:05,905 - Velocimacro : autoload off : VM system will not automatically reload global library macros
2017-07-06 14:38:05,914 - ResourceManager : found generatorConfig.vm with loader org.apache.velocity.runtime.resource.loader.FileResourceLoader
2017-07-06 14:38:05,915 - Null reference [template 'generatorConfig.vm', line 49, column 38] : ${generator.jdbc.driver} cannot be resolved.
2017-07-06 14:38:05,915 - Null reference [template 'generatorConfig.vm', line 49, column 79] : ${generator.jdbc.url} cannot be resolved.
2017-07-06 14:38:05,915 - Null reference [template 'generatorConfig.vm', line 49, column 110] : ${generator.jdbc.username} cannot be resolved.
2017-07-06 14:38:06,027 - ResourceManager : found index.vm with loader org.apache.velocity.runtime.resource.loader.FileResourceLoader
2017-07-06 14:38:06,028 - Null reference [template 'index.vm', line 8, column 13] : ${base} cannot be resolved.
2017-07-06 14:38:06,028 - Null reference [template 'index.vm', line 9, column 37] : ${base} cannot be resolved.
2017-07-06 14:38:06,028 - Null reference [template 'index.vm', line 10, column 37] : ${base} cannot be resolved.
2017-07-06 14:38:06,028 - Null reference [template 'index.vm', line 11, column 14] : ${base} cannot be resolved.
2017-07-06 14:38:06,028 - Null reference [template 'index.vm', line 12, column 14] : ${base} cannot be resolved.
2017-07-06 14:38:06,028 - Null reference [template 'index.vm', line 17, column 41] : ${base} cannot be resolved.
2017-07-06 14:38:06,028 - Null reference [template 'index.vm', line 21, column 41] : ${base} cannot be resolved.
2017-07-06 14:38:06,028 - Null reference [template 'index.vm', line 25, column 41] : ${base} cannot be resolved.
2017-07-06 14:38:06,028 - Null reference [template 'index.vm', line 49, column 57] : ${base} cannot be resolved.
2017-07-06 14:38:06,028 - Null reference [template 'index.vm', line 52, column 89] : ${base} cannot be resolved.
2017-07-06 14:38:06,028 - Null reference [template 'index.vm', line 74, column 57] : ${base} cannot be resolved.
2017-07-06 14:38:06,028 - Null reference [template 'index.vm', line 77, column 89] : ${base} cannot be resolved.
2017-07-06 14:38:06,028 - Null reference [template 'index.vm', line 94, column 41] : ${base} cannot be resolved.
2017-07-06 14:38:06,028 - Null reference [template 'index.vm', line 100, column 36] : ${base} cannot be resolved.
2017-07-06 14:38:06,028 - Null reference [template 'index.vm', line 105, column 36] : ${base} cannot be resolved.
2017-07-06 14:38:06,028 - Null reference [template 'index.vm', line 112, column 36] : ${base} cannot be resolved.
2017-07-06 14:38:06,029 - Null reference [template 'index.vm', line 135, column 133] : ${model.srName} cannot be resolved.
2017-07-06 14:38:06,029 - Null reference [template 'index.vm', line 136, column 79] : ${pgBean.pg} cannot be resolved.
2017-07-06 14:38:06,029 - Null reference [template 'index.vm', line 139, column 103] : ${pgBean.maxResults} cannot be resolved.
2017-07-06 14:38:06,029 - Null reference [template 'index.vm', line 144, column 53] : ${user_backend_permission_key.roleadd} cannot be resolved.
2017-07-06 14:38:06,029 - Null reference [template 'index.vm', line 147, column 53] : ${user_backend_permission_key.roledelete} cannot be resolved.
2017-07-06 14:38:06,029 - Null reference [template 'index.vm', line 164, column 59] : ${list} cannot be resolved.
2017-07-06 14:38:06,029 - Null reference [template 'index.vm', line 167, column 106] : ${role.srId} cannot be resolved.
2017-07-06 14:38:06,029 - Null reference [template 'index.vm', line 170, column 150] : ${role.srId} cannot be resolved.
2017-07-06 14:38:06,029 - Null reference [template 'index.vm', line 171, column 77] : ${user_backend_permission_key.roleedit} cannot be resolved.
2017-07-06 14:38:06,029 - Null reference [template 'index.vm', line 172, column 156] : ${role.srId} cannot be resolved.
2017-07-06 14:38:06,029 - Null reference [template 'index.vm', line 174, column 77] : ${user_backend_permission_key.roledelete} cannot be resolved.
2017-07-06 14:38:06,029 - Null reference [template 'index.vm', line 175, column 162] : ${role.srId} cannot be resolved.
2017-07-06 14:38:06,029 - Null reference [template 'index.vm', line 177, column 77] : ${user_backend_permission_key.roleuserlink} cannot be resolved.
2017-07-06 14:38:06,029 - Null reference [template 'index.vm', line 178, column 162] : ${role.srId} cannot be resolved.
2017-07-06 14:38:06,029 - Null reference [template 'index.vm', line 182, column 106] : ${role.srId} cannot be resolved.
2017-07-06 14:38:06,029 - Null reference [template 'index.vm', line 182, column 121] : ${role.srName} cannot be resolved.
2017-07-06 14:38:06,029 - Null reference [template 'index.vm', line 184, column 87] : ${role.srDesc} cannot be resolved.
2017-07-06 14:38:06,029 - Null reference [template 'index.vm', line 186, column 88] : ${role.srCtime} cannot be resolved.
2017-07-06 14:38:06,032 - ResourceManager : found index.vm with loader org.apache.velocity.runtime.resource.loader.FileResourceLoader
2017-07-06 14:38:06,032 - Null reference [template 'index.vm', line 8, column 13] : ${base} cannot be resolved.
2017-07-06 14:38:06,032 - Null reference [template 'index.vm', line 9, column 37] : ${base} cannot be resolved.
2017-07-06 14:38:06,032 - Null reference [template 'index.vm', line 10, column 37] : ${base} cannot be resolved.
2017-07-06 14:38:06,032 - Null reference [template 'index.vm', line 11, column 14] : ${base} cannot be resolved.
2017-07-06 14:38:06,032 - Null reference [template 'index.vm', line 12, column 14] : ${base} cannot be resolved.
2017-07-06 14:38:06,032 - Null reference [template 'index.vm', line 17, column 41] : ${base} cannot be resolved.
2017-07-06 14:38:06,032 - Null reference [template 'index.vm', line 21, column 41] : ${base} cannot be resolved.
2017-07-06 14:38:06,032 - Null reference [template 'index.vm', line 25, column 41] : ${base} cannot be resolved.
2017-07-06 14:38:06,032 - Null reference [template 'index.vm', line 49, column 57] : ${base} cannot be resolved.
2017-07-06 14:38:06,032 - Null reference [template 'index.vm', line 52, column 89] : ${base} cannot be resolved.
2017-07-06 14:38:06,032 - Null reference [template 'index.vm', line 74, column 57] : ${base} cannot be resolved.
2017-07-06 14:38:06,032 - Null reference [template 'index.vm', line 77, column 89] : ${base} cannot be resolved.
2017-07-06 14:38:06,032 - Null reference [template 'index.vm', line 94, column 41] : ${base} cannot be resolved.
2017-07-06 14:38:06,033 - Null reference [template 'index.vm', line 100, column 36] : ${base} cannot be resolved.
2017-07-06 14:38:06,033 - Null reference [template 'index.vm', line 105, column 36] : ${base} cannot be resolved.
2017-07-06 14:38:06,033 - Null reference [template 'index.vm', line 112, column 36] : ${base} cannot be resolved.
2017-07-06 14:38:06,033 - Null reference [template 'index.vm', line 135, column 133] : ${model.srName} cannot be resolved.
2017-07-06 14:38:06,033 - Null reference [template 'index.vm', line 136, column 79] : ${pgBean.pg} cannot be resolved.
2017-07-06 14:38:06,033 - Null reference [template 'index.vm', line 139, column 103] : ${pgBean.maxResults} cannot be resolved.
2017-07-06 14:38:06,033 - Null reference [template 'index.vm', line 144, column 53] : ${user_backend_permission_key.roleadd} cannot be resolved.
2017-07-06 14:38:06,033 - Null reference [template 'index.vm', line 147, column 53] : ${user_backend_permission_key.roledelete} cannot be resolved.
2017-07-06 14:38:06,033 - Null reference [template 'index.vm', line 164, column 59] : ${list} cannot be resolved.
2017-07-06 14:38:06,033 - Null reference [template 'index.vm', line 167, column 106] : ${role.srId} cannot be resolved.
2017-07-06 14:38:06,033 - Null reference [template 'index.vm', line 170, column 150] : ${role.srId} cannot be resolved.
2017-07-06 14:38:06,033 - Null reference [template 'index.vm', line 171, column 77] : ${user_backend_permission_key.roleedit} cannot be resolved.
2017-07-06 14:38:06,033 - Null reference [template 'index.vm', line 172, column 156] : ${role.srId} cannot be resolved.
2017-07-06 14:38:06,033 - Null reference [template 'index.vm', line 174, column 77] : ${user_backend_permission_key.roledelete} cannot be resolved.
2017-07-06 14:38:06,033 - Null reference [template 'index.vm', line 175, column 162] : ${role.srId} cannot be resolved.
2017-07-06 14:38:06,033 - Null reference [template 'index.vm', line 177, column 77] : ${user_backend_permission_key.roleuserlink} cannot be resolved.
2017-07-06 14:38:06,033 - Null reference [template 'index.vm', line 178, column 162] : ${role.srId} cannot be resolved.
2017-07-06 14:38:06,033 - Null reference [template 'index.vm', line 182, column 106] : ${role.srId} cannot be resolved.
2017-07-06 14:38:06,033 - Null reference [template 'index.vm', line 182, column 121] : ${role.srName} cannot be resolved.
2017-07-06 14:38:06,033 - Null reference [template 'index.vm', line 184, column 87] : ${role.srDesc} cannot be resolved.
2017-07-06 14:38:06,033 - Null reference [template 'index.vm', line 186, column 88] : ${role.srCtime} cannot be resolved.
2017-07-06 14:38:06,035 - ResourceManager : found index.vm with loader org.apache.velocity.runtime.resource.loader.FileResourceLoader
2017-07-06 14:38:06,035 - Null reference [template 'index.vm', line 8, column 13] : ${base} cannot be resolved.
2017-07-06 14:38:06,035 - Null reference [template 'index.vm', line 9, column 37] : ${base} cannot be resolved.
2017-07-06 14:38:06,035 - Null reference [template 'index.vm', line 10, column 37] : ${base} cannot be resolved.
2017-07-06 14:38:06,035 - Null reference [template 'index.vm', line 11, column 14] : ${base} cannot be resolved.
2017-07-06 14:38:06,035 - Null reference [template 'index.vm', line 12, column 14] : ${base} cannot be resolved.
2017-07-06 14:38:06,035 - Null reference [template 'index.vm', line 17, column 41] : ${base} cannot be resolved.
2017-07-06 14:38:06,035 - Null reference [template 'index.vm', line 21, column 41] : ${base} cannot be resolved.
2017-07-06 14:38:06,035 - Null reference [template 'index.vm', line 25, column 41] : ${base} cannot be resolved.
2017-07-06 14:38:06,035 - Null reference [template 'index.vm', line 49, column 57] : ${base} cannot be resolved.
2017-07-06 14:38:06,035 - Null reference [template 'index.vm', line 52, column 89] : ${base} cannot be resolved.
2017-07-06 14:38:06,036 - Null reference [template 'index.vm', line 74, column 57] : ${base} cannot be resolved.
2017-07-06 14:38:06,036 - Null reference [template 'index.vm', line 77, column 89] : ${base} cannot be resolved.
2017-07-06 14:38:06,036 - Null reference [template 'index.vm', line 94, column 41] : ${base} cannot be resolved.
2017-07-06 14:38:06,036 - Null reference [template 'index.vm', line 100, column 36] : ${base} cannot be resolved.
2017-07-06 14:38:06,036 - Null reference [template 'index.vm', line 105, column 36] : ${base} cannot be resolved.
2017-07-06 14:38:06,036 - Null reference [template 'index.vm', line 112, column 36] : ${base} cannot be resolved.
2017-07-06 14:38:06,036 - Null reference [template 'index.vm', line 135, column 133] : ${model.srName} cannot be resolved.
2017-07-06 14:38:06,036 - Null reference [template 'index.vm', line 136, column 79] : ${pgBean.pg} cannot be resolved.
2017-07-06 14:38:06,036 - Null reference [template 'index.vm', line 139, column 103] : ${pgBean.maxResults} cannot be resolved.
2017-07-06 14:38:06,036 - Null reference [template 'index.vm', line 144, column 53] : ${user_backend_permission_key.roleadd} cannot be resolved.
2017-07-06 14:38:06,036 - Null reference [template 'index.vm', line 147, column 53] : ${user_backend_permission_key.roledelete} cannot be resolved.
2017-07-06 14:38:06,036 - Null reference [template 'index.vm', line 164, column 59] : ${list} cannot be resolved.
2017-07-06 14:38:06,036 - Null reference [template 'index.vm', line 167, column 106] : ${role.srId} cannot be resolved.
2017-07-06 14:38:06,036 - Null reference [template 'index.vm', line 170, column 150] : ${role.srId} cannot be resolved.
2017-07-06 14:38:06,036 - Null reference [template 'index.vm', line 171, column 77] : ${user_backend_permission_key.roleedit} cannot be resolved.
2017-07-06 14:38:06,036 - Null reference [template 'index.vm', line 172, column 156] : ${role.srId} cannot be resolved.
2017-07-06 14:38:06,036 - Null reference [template 'index.vm', line 174, column 77] : ${user_backend_permission_key.roledelete} cannot be resolved.
2017-07-06 14:38:06,036 - Null reference [template 'index.vm', line 175, column 162] : ${role.srId} cannot be resolved.
2017-07-06 14:38:06,036 - Null reference [template 'index.vm', line 177, column 77] : ${user_backend_permission_key.roleuserlink} cannot be resolved.
2017-07-06 14:38:06,036 - Null reference [template 'index.vm', line 178, column 162] : ${role.srId} cannot be resolved.
2017-07-06 14:38:06,036 - Null reference [template 'index.vm', line 182, column 106] : ${role.srId} cannot be resolved.
2017-07-06 14:38:06,036 - Null reference [template 'index.vm', line 182, column 121] : ${role.srName} cannot be resolved.
2017-07-06 14:38:06,036 - Null reference [template 'index.vm', line 184, column 87] : ${role.srDesc} cannot be resolved.
2017-07-06 14:38:06,036 - Null reference [template 'index.vm', line 186, column 88] : ${role.srCtime} cannot be resolved.
2017-07-06 14:39:04,865 - Log4JLogChute initialized using file 'velocity.log'
2017-07-06 14:39:04,865 - Initializing Velocity, Calling init()...
2017-07-06 14:39:04,865 - Starting Apache Velocity v1.7 (compiled: 2010-11-19 12:14:37)
2017-07-06 14:39:04,865 - Default Properties File: org\apache\velocity\runtime\defaults\velocity.properties
2017-07-06 14:39:04,865 - Trying to use logger class org.apache.velocity.runtime.log.AvalonLogChute
2017-07-06 14:39:04,865 - Target log system for org.apache.velocity.runtime.log.AvalonLogChute is not available (java.lang.NoClassDefFoundError: org/apache/log/format/Formatter).  Falling back to next log system...
2017-07-06 14:39:04,865 - Trying to use logger class org.apache.velocity.runtime.log.Log4JLogChute
2017-07-06 14:39:04,865 - Using logger class org.apache.velocity.runtime.log.Log4JLogChute
2017-07-06 14:39:04,869 - ResourceLoader instantiated: org.apache.velocity.runtime.resource.loader.FileResourceLoader
2017-07-06 14:39:04,870 - Do unicode file recognition:  false
2017-07-06 14:39:04,870 - FileResourceLoader : adding path 'E:/work/maven_study/util/target/classes/template/'
2017-07-06 14:39:04,874 - ResourceCache: initialized (class org.apache.velocity.runtime.resource.ResourceCacheImpl) with class java.util.Collections$SynchronizedMap cache map.
2017-07-06 14:39:04,874 - Loaded System Directive: org.apache.velocity.runtime.directive.Stop
2017-07-06 14:39:04,875 - Loaded System Directive: org.apache.velocity.runtime.directive.Define
2017-07-06 14:39:04,876 - Loaded System Directive: org.apache.velocity.runtime.directive.Break
2017-07-06 14:39:04,876 - Loaded System Directive: org.apache.velocity.runtime.directive.Evaluate
2017-07-06 14:39:04,876 - Loaded System Directive: org.apache.velocity.runtime.directive.Literal
2017-07-06 14:39:04,877 - Loaded System Directive: org.apache.velocity.runtime.directive.Macro
2017-07-06 14:39:04,877 - Loaded System Directive: org.apache.velocity.runtime.directive.Parse
2017-07-06 14:39:04,878 - Loaded System Directive: org.apache.velocity.runtime.directive.Include
2017-07-06 14:39:04,879 - Loaded System Directive: org.apache.velocity.runtime.directive.Foreach
2017-07-06 14:39:04,893 - Created '20' parsers.
2017-07-06 14:39:04,896 - Velocimacro : "velocimacro.library" is not set.  Trying default library: VM_global_library.vm
2017-07-06 14:39:04,896 - Velocimacro : Default library not found.
2017-07-06 14:39:04,896 - Velocimacro : allowInline = true : VMs can be defined inline in templates
2017-07-06 14:39:04,896 - Velocimacro : allowInlineToOverride = false : VMs defined inline may NOT replace previous VM definitions
2017-07-06 14:39:04,896 - Velocimacro : allowInlineLocal = false : VMs defined inline will be global in scope if allowed.
2017-07-06 14:39:04,896 - Velocimacro : autoload off : VM system will not automatically reload global library macros
2017-07-06 14:39:04,905 - ResourceManager : found generatorConfig.vm with loader org.apache.velocity.runtime.resource.loader.FileResourceLoader
2017-07-06 14:39:04,906 - Null reference [template 'generatorConfig.vm', line 49, column 38] : ${generator.jdbc.driver} cannot be resolved.
2017-07-06 14:39:04,906 - Null reference [template 'generatorConfig.vm', line 49, column 79] : ${generator.jdbc.url} cannot be resolved.
2017-07-06 14:39:04,906 - Null reference [template 'generatorConfig.vm', line 49, column 110] : ${generator.jdbc.username} cannot be resolved.
2017-07-06 14:39:05,026 - ResourceManager : found index.vm with loader org.apache.velocity.runtime.resource.loader.FileResourceLoader
2017-07-06 14:39:05,026 - Null reference [template 'index.vm', line 8, column 13] : ${base} cannot be resolved.
2017-07-06 14:39:05,027 - Null reference [template 'index.vm', line 9, column 37] : ${base} cannot be resolved.
2017-07-06 14:39:05,027 - Null reference [template 'index.vm', line 10, column 37] : ${base} cannot be resolved.
2017-07-06 14:39:05,027 - Null reference [template 'index.vm', line 11, column 14] : ${base} cannot be resolved.
2017-07-06 14:39:05,027 - Null reference [template 'index.vm', line 12, column 14] : ${base} cannot be resolved.
2017-07-06 14:39:05,027 - Null reference [template 'index.vm', line 17, column 41] : ${base} cannot be resolved.
2017-07-06 14:39:05,027 - Null reference [template 'index.vm', line 21, column 41] : ${base} cannot be resolved.
2017-07-06 14:39:05,027 - Null reference [template 'index.vm', line 25, column 41] : ${base} cannot be resolved.
2017-07-06 14:39:05,027 - Null reference [template 'index.vm', line 49, column 57] : ${base} cannot be resolved.
2017-07-06 14:39:05,027 - Null reference [template 'index.vm', line 52, column 89] : ${base} cannot be resolved.
2017-07-06 14:39:05,027 - Null reference [template 'index.vm', line 74, column 57] : ${base} cannot be resolved.
2017-07-06 14:39:05,027 - Null reference [template 'index.vm', line 77, column 89] : ${base} cannot be resolved.
2017-07-06 14:39:05,027 - Null reference [template 'index.vm', line 94, column 41] : ${base} cannot be resolved.
2017-07-06 14:39:05,027 - Null reference [template 'index.vm', line 100, column 36] : ${base} cannot be resolved.
2017-07-06 14:39:05,027 - Null reference [template 'index.vm', line 105, column 36] : ${base} cannot be resolved.
2017-07-06 14:39:05,027 - Null reference [template 'index.vm', line 112, column 36] : ${base} cannot be resolved.
2017-07-06 14:39:05,028 - Null reference [template 'index.vm', line 135, column 133] : ${model.srName} cannot be resolved.
2017-07-06 14:39:05,028 - Null reference [template 'index.vm', line 136, column 79] : ${pgBean.pg} cannot be resolved.
2017-07-06 14:39:05,028 - Null reference [template 'index.vm', line 139, column 103] : ${pgBean.maxResults} cannot be resolved.
2017-07-06 14:39:05,028 - Null reference [template 'index.vm', line 144, column 53] : ${user_backend_permission_key.roleadd} cannot be resolved.
2017-07-06 14:39:05,028 - Null reference [template 'index.vm', line 147, column 53] : ${user_backend_permission_key.roledelete} cannot be resolved.
2017-07-06 14:39:05,028 - Null reference [template 'index.vm', line 164, column 59] : ${list} cannot be resolved.
2017-07-06 14:39:05,028 - Null reference [template 'index.vm', line 167, column 106] : ${role.srId} cannot be resolved.
2017-07-06 14:39:05,028 - Null reference [template 'index.vm', line 170, column 150] : ${role.srId} cannot be resolved.
2017-07-06 14:39:05,028 - Null reference [template 'index.vm', line 171, column 77] : ${user_backend_permission_key.roleedit} cannot be resolved.
2017-07-06 14:39:05,028 - Null reference [template 'index.vm', line 172, column 156] : ${role.srId} cannot be resolved.
2017-07-06 14:39:05,028 - Null reference [template 'index.vm', line 174, column 77] : ${user_backend_permission_key.roledelete} cannot be resolved.
2017-07-06 14:39:05,028 - Null reference [template 'index.vm', line 175, column 162] : ${role.srId} cannot be resolved.
2017-07-06 14:39:05,028 - Null reference [template 'index.vm', line 177, column 77] : ${user_backend_permission_key.roleuserlink} cannot be resolved.
2017-07-06 14:39:05,028 - Null reference [template 'index.vm', line 178, column 162] : ${role.srId} cannot be resolved.
2017-07-06 14:39:05,028 - Null reference [template 'index.vm', line 182, column 106] : ${role.srId} cannot be resolved.
2017-07-06 14:39:05,028 - Null reference [template 'index.vm', line 182, column 121] : ${role.srName} cannot be resolved.
2017-07-06 14:39:05,028 - Null reference [template 'index.vm', line 184, column 87] : ${role.srDesc} cannot be resolved.
2017-07-06 14:39:05,028 - Null reference [template 'index.vm', line 186, column 88] : ${role.srCtime} cannot be resolved.
2017-07-06 14:39:05,031 - ResourceManager : found index.vm with loader org.apache.velocity.runtime.resource.loader.FileResourceLoader
2017-07-06 14:39:05,031 - Null reference [template 'index.vm', line 8, column 13] : ${base} cannot be resolved.
2017-07-06 14:39:05,031 - Null reference [template 'index.vm', line 9, column 37] : ${base} cannot be resolved.
2017-07-06 14:39:05,031 - Null reference [template 'index.vm', line 10, column 37] : ${base} cannot be resolved.
2017-07-06 14:39:05,031 - Null reference [template 'index.vm', line 11, column 14] : ${base} cannot be resolved.
2017-07-06 14:39:05,031 - Null reference [template 'index.vm', line 12, column 14] : ${base} cannot be resolved.
2017-07-06 14:39:05,031 - Null reference [template 'index.vm', line 17, column 41] : ${base} cannot be resolved.
2017-07-06 14:39:05,031 - Null reference [template 'index.vm', line 21, column 41] : ${base} cannot be resolved.
2017-07-06 14:39:05,031 - Null reference [template 'index.vm', line 25, column 41] : ${base} cannot be resolved.
2017-07-06 14:39:05,031 - Null reference [template 'index.vm', line 49, column 57] : ${base} cannot be resolved.
2017-07-06 14:39:05,031 - Null reference [template 'index.vm', line 52, column 89] : ${base} cannot be resolved.
2017-07-06 14:39:05,031 - Null reference [template 'index.vm', line 74, column 57] : ${base} cannot be resolved.
2017-07-06 14:39:05,031 - Null reference [template 'index.vm', line 77, column 89] : ${base} cannot be resolved.
2017-07-06 14:39:05,031 - Null reference [template 'index.vm', line 94, column 41] : ${base} cannot be resolved.
2017-07-06 14:39:05,031 - Null reference [template 'index.vm', line 100, column 36] : ${base} cannot be resolved.
2017-07-06 14:39:05,032 - Null reference [template 'index.vm', line 105, column 36] : ${base} cannot be resolved.
2017-07-06 14:39:05,032 - Null reference [template 'index.vm', line 112, column 36] : ${base} cannot be resolved.
2017-07-06 14:39:05,032 - Null reference [template 'index.vm', line 135, column 133] : ${model.srName} cannot be resolved.
2017-07-06 14:39:05,032 - Null reference [template 'index.vm', line 136, column 79] : ${pgBean.pg} cannot be resolved.
2017-07-06 14:39:05,032 - Null reference [template 'index.vm', line 139, column 103] : ${pgBean.maxResults} cannot be resolved.
2017-07-06 14:39:05,032 - Null reference [template 'index.vm', line 144, column 53] : ${user_backend_permission_key.roleadd} cannot be resolved.
2017-07-06 14:39:05,032 - Null reference [template 'index.vm', line 147, column 53] : ${user_backend_permission_key.roledelete} cannot be resolved.
2017-07-06 14:39:05,032 - Null reference [template 'index.vm', line 164, column 59] : ${list} cannot be resolved.
2017-07-06 14:39:05,032 - Null reference [template 'index.vm', line 167, column 106] : ${role.srId} cannot be resolved.
2017-07-06 14:39:05,032 - Null reference [template 'index.vm', line 170, column 150] : ${role.srId} cannot be resolved.
2017-07-06 14:39:05,032 - Null reference [template 'index.vm', line 171, column 77] : ${user_backend_permission_key.roleedit} cannot be resolved.
2017-07-06 14:39:05,032 - Null reference [template 'index.vm', line 172, column 156] : ${role.srId} cannot be resolved.
2017-07-06 14:39:05,032 - Null reference [template 'index.vm', line 174, column 77] : ${user_backend_permission_key.roledelete} cannot be resolved.
2017-07-06 14:39:05,032 - Null reference [template 'index.vm', line 175, column 162] : ${role.srId} cannot be resolved.
2017-07-06 14:39:05,032 - Null reference [template 'index.vm', line 177, column 77] : ${user_backend_permission_key.roleuserlink} cannot be resolved.
2017-07-06 14:39:05,032 - Null reference [template 'index.vm', line 178, column 162] : ${role.srId} cannot be resolved.
2017-07-06 14:39:05,032 - Null reference [template 'index.vm', line 182, column 106] : ${role.srId} cannot be resolved.
2017-07-06 14:39:05,032 - Null reference [template 'index.vm', line 182, column 121] : ${role.srName} cannot be resolved.
2017-07-06 14:39:05,032 - Null reference [template 'index.vm', line 184, column 87] : ${role.srDesc} cannot be resolved.
2017-07-06 14:39:05,032 - Null reference [template 'index.vm', line 186, column 88] : ${role.srCtime} cannot be resolved.
2017-07-06 14:39:05,034 - ResourceManager : found index.vm with loader org.apache.velocity.runtime.resource.loader.FileResourceLoader
2017-07-06 14:39:05,034 - Null reference [template 'index.vm', line 8, column 13] : ${base} cannot be resolved.
2017-07-06 14:39:05,034 - Null reference [template 'index.vm', line 9, column 37] : ${base} cannot be resolved.
2017-07-06 14:39:05,034 - Null reference [template 'index.vm', line 10, column 37] : ${base} cannot be resolved.
2017-07-06 14:39:05,034 - Null reference [template 'index.vm', line 11, column 14] : ${base} cannot be resolved.
2017-07-06 14:39:05,034 - Null reference [template 'index.vm', line 12, column 14] : ${base} cannot be resolved.
2017-07-06 14:39:05,034 - Null reference [template 'index.vm', line 17, column 41] : ${base} cannot be resolved.
2017-07-06 14:39:05,034 - Null reference [template 'index.vm', line 21, column 41] : ${base} cannot be resolved.
2017-07-06 14:39:05,034 - Null reference [template 'index.vm', line 25, column 41] : ${base} cannot be resolved.
2017-07-06 14:39:05,034 - Null reference [template 'index.vm', line 49, column 57] : ${base} cannot be resolved.
2017-07-06 14:39:05,035 - Null reference [template 'index.vm', line 52, column 89] : ${base} cannot be resolved.
2017-07-06 14:39:05,035 - Null reference [template 'index.vm', line 74, column 57] : ${base} cannot be resolved.
2017-07-06 14:39:05,035 - Null reference [template 'index.vm', line 77, column 89] : ${base} cannot be resolved.
2017-07-06 14:39:05,035 - Null reference [template 'index.vm', line 94, column 41] : ${base} cannot be resolved.
2017-07-06 14:39:05,035 - Null reference [template 'index.vm', line 100, column 36] : ${base} cannot be resolved.
2017-07-06 14:39:05,035 - Null reference [template 'index.vm', line 105, column 36] : ${base} cannot be resolved.
2017-07-06 14:39:05,035 - Null reference [template 'index.vm', line 112, column 36] : ${base} cannot be resolved.
2017-07-06 14:39:05,035 - Null reference [template 'index.vm', line 135, column 133] : ${model.srName} cannot be resolved.
2017-07-06 14:39:05,035 - Null reference [template 'index.vm', line 136, column 79] : ${pgBean.pg} cannot be resolved.
2017-07-06 14:39:05,035 - Null reference [template 'index.vm', line 139, column 103] : ${pgBean.maxResults} cannot be resolved.
2017-07-06 14:39:05,035 - Null reference [template 'index.vm', line 144, column 53] : ${user_backend_permission_key.roleadd} cannot be resolved.
2017-07-06 14:39:05,035 - Null reference [template 'index.vm', line 147, column 53] : ${user_backend_permission_key.roledelete} cannot be resolved.
2017-07-06 14:39:05,035 - Null reference [template 'index.vm', line 164, column 59] : ${list} cannot be resolved.
2017-07-06 14:39:05,035 - Null reference [template 'index.vm', line 167, column 106] : ${role.srId} cannot be resolved.
2017-07-06 14:39:05,035 - Null reference [template 'index.vm', line 170, column 150] : ${role.srId} cannot be resolved.
2017-07-06 14:39:05,035 - Null reference [template 'index.vm', line 171, column 77] : ${user_backend_permission_key.roleedit} cannot be resolved.
2017-07-06 14:39:05,035 - Null reference [template 'index.vm', line 172, column 156] : ${role.srId} cannot be resolved.
2017-07-06 14:39:05,035 - Null reference [template 'index.vm', line 174, column 77] : ${user_backend_permission_key.roledelete} cannot be resolved.
2017-07-06 14:39:05,035 - Null reference [template 'index.vm', line 175, column 162] : ${role.srId} cannot be resolved.
2017-07-06 14:39:05,035 - Null reference [template 'index.vm', line 177, column 77] : ${user_backend_permission_key.roleuserlink} cannot be resolved.
2017-07-06 14:39:05,035 - Null reference [template 'index.vm', line 178, column 162] : ${role.srId} cannot be resolved.
2017-07-06 14:39:05,035 - Null reference [template 'index.vm', line 182, column 106] : ${role.srId} cannot be resolved.
2017-07-06 14:39:05,035 - Null reference [template 'index.vm', line 182, column 121] : ${role.srName} cannot be resolved.
2017-07-06 14:39:05,035 - Null reference [template 'index.vm', line 184, column 87] : ${role.srDesc} cannot be resolved.
2017-07-06 14:39:05,035 - Null reference [template 'index.vm', line 186, column 88] : ${role.srCtime} cannot be resolved.
