[DEBUG][2017-07-09 11:37:37,295][org.springframework.jdbc.core.JdbcTemplate]Executing SQL statement [delete from position_tab_tmp]
[DEBUG][2017-07-09 11:37:37,322][org.springframework.jdbc.datasource.DataSourceUtils]Fetching JDBC Connection from DataSource
[DEBUG][2017-07-09 11:37:38,335][org.springframework.jdbc.datasource.DataSourceUtils]Returning JDBC Connection to DataSource
[DEBUG][2017-07-09 11:37:39,733][com.gargoylesoftware.htmlunit.WebClient]Get page for window named '', using WebRequest[<url="about:blank", GET, EncodingType[name=application/x-www-form-urlencoded], [], {Accept=image/gif, image/jpeg, image/pjpeg, image/pjpeg, */*, Accept-Encoding=gzip, deflate}, null>]
[DEBUG][2017-07-09 11:37:39,788][com.gargoylesoftware.htmlunit.WebWindowImpl]setEnclosedPage: HtmlPage(about:blank)@707531688
[DEBUG][2017-07-09 11:37:39,789][com.gargoylesoftware.htmlunit.WebWindowImpl]destroyChildren
[DEBUG][2017-07-09 11:37:40,072][com.gargoylesoftware.htmlunit.javascript.configuration.AbstractJavaScriptConfiguration]Mapping com.gargoylesoftware.htmlunit.html.HtmlInput to HTMLInputElement
[DEBUG][2017-07-09 11:37:40,072][com.gargoylesoftware.htmlunit.javascript.configuration.AbstractJavaScriptConfiguration]Mapping com.gargoylesoftware.htmlunit.html.HtmlDefinitionTerm to HTMLDefinitionTermElement
[DEBUG][2017-07-09 11:37:40,072][com.gargoylesoftware.htmlunit.javascript.configuration.AbstractJavaScriptConfiguration]Mapping com.gargoylesoftware.htmlunit.html.DomAttr to Attr
[DEBUG][2017-07-09 11:37:40,072][com.gargoylesoftware.htmlunit.javascript.configuration.AbstractJavaScriptConfiguration]Mapping com.gargoylesoftware.htmlunit.html.HtmlNoFrames to HTMLNoShowElement
[DEBUG][2017-07-09 11:37:40,073][com.gargoylesoftware.htmlunit.javascript.configuration.AbstractJavaScriptConfiguration]Mapping com.gargoylesoftware.htmlunit.html.HtmlNoEmbed to HTMLNoShowElement
[DEBUG][2017-07-09 11:37:40,073][com.gargoylesoftware.htmlunit.javascript.configuration.AbstractJavaScriptConfiguration]Mapping com.gargoylesoftware.htmlunit.html.HtmlNoScript to HTMLNoShowElement
[DEBUG][2017-07-09 11:37:40,073][com.gargoylesoftware.htmlunit.javascript.configuration.AbstractJavaScriptConfiguration]Mapping com.gargoylesoftware.htmlunit.html.HtmlSpan to HTMLSpanElement
[DEBUG][2017-07-09 11:37:40,073][com.gargoylesoftware.htmlunit.javascript.configuration.AbstractJavaScriptConfiguration]Mapping com.gargoylesoftware.htmlunit.html.HtmlTableColumnGroup to HTMLTableColElement
[DEBUG][2017-07-09 11:37:40,073][com.gargoylesoftware.htmlunit.javascript.configuration.AbstractJavaScriptConfiguration]Mapping com.gargoylesoftware.htmlunit.html.HtmlTableColumn to HTMLTableColElement
[DEBUG][2017-07-09 11:37:40,074][com.gargoylesoftware.htmlunit.javascript.configuration.AbstractJavaScriptConfiguration]Mapping com.gargoylesoftware.htmlunit.html.HtmlTable to HTMLTableElement
[DEBUG][2017-07-09 11:37:40,074][com.gargoylesoftware.htmlunit.javascript.configuration.AbstractJavaScriptConfiguration]Mapping com.gargoylesoftware.htmlunit.html.HtmlDivision to HTMLDivElement
[DEBUG][2017-07-09 11:37:40,074][com.gargoylesoftware.htmlunit.javascript.configuration.AbstractJavaScriptConfiguration]Mapping com.gargoylesoftware.htmlunit.html.HtmlCaption to HTMLTableCaptionElement
[DEBUG][2017-07-09 11:37:40,074][com.gargoylesoftware.htmlunit.javascript.configuration.AbstractJavaScriptConfiguration]Mapping com.gargoylesoftware.htmlunit.html.HtmlTitle to HTMLTitleElement
[DEBUG][2017-07-09 11:37:40,075][com.gargoylesoftware.htmlunit.javascript.configuration.AbstractJavaScriptConfiguration]Mapping com.gargoylesoftware.htmlunit.html.HtmlUnknownElement to HTMLUnknownElement
[DEBUG][2017-07-09 11:37:40,075][com.gargoylesoftware.htmlunit.javascript.configuration.AbstractJavaScriptConfiguration]Mapping com.gargoylesoftware.htmlunit.html.HtmlElement to HTMLElement
[DEBUG][2017-07-09 11:37:40,076][com.gargoylesoftware.htmlunit.javascript.configuration.AbstractJavaScriptConfiguration]Mapping com.gargoylesoftware.htmlunit.html.HtmlFooter to HTMLElement
[DEBUG][2017-07-09 11:37:40,076][com.gargoylesoftware.htmlunit.javascript.configuration.AbstractJavaScriptConfiguration]Mapping com.gargoylesoftware.htmlunit.html.HtmlNav to HTMLElement
[DEBUG][2017-07-09 11:37:40,076][com.gargoylesoftware.htmlunit.javascript.configuration.AbstractJavaScriptConfiguration]Mapping com.gargoylesoftware.htmlunit.html.HtmlArticle to HTMLElement
[DEBUG][2017-07-09 11:37:40,077][com.gargoylesoftware.htmlunit.javascript.configuration.AbstractJavaScriptConfiguration]Mapping com.gargoylesoftware.htmlunit.html.HtmlHeader to HTMLElement
[DEBUG][2017-07-09 11:37:40,078][com.gargoylesoftware.htmlunit.javascript.configuration.AbstractJavaScriptConfiguration]Mapping com.gargoylesoftware.htmlunit.html.HtmlFigure to HTMLElement
[DEBUG][2017-07-09 11:37:40,080][com.gargoylesoftware.htmlunit.javascript.configuration.AbstractJavaScriptConfiguration]Mapping com.gargoylesoftware.htmlunit.html.HtmlFigureCaption to HTMLElement
[DEBUG][2017-07-09 11:37:40,080][com.gargoylesoftware.htmlunit.javascript.configuration.AbstractJavaScriptConfiguration]Mapping com.gargoylesoftware.htmlunit.html.HtmlAside to HTMLElement
[DEBUG][2017-07-09 11:37:40,080][com.gargoylesoftware.htmlunit.javascript.configuration.AbstractJavaScriptConfiguration]Mapping com.gargoylesoftware.htmlunit.html.HtmlSection to HTMLElement
[DEBUG][2017-07-09 11:37:40,080][com.gargoylesoftware.htmlunit.javascript.configuration.AbstractJavaScriptConfiguration]Mapping com.gargoylesoftware.htmlunit.html.HtmlMark to HTMLElement
[DEBUG][2017-07-09 11:37:40,081][com.gargoylesoftware.htmlunit.javascript.configuration.AbstractJavaScriptConfiguration]Mapping com.gargoylesoftware.htmlunit.html.HtmlBackgroundSound to HTMLBGSoundElement
[DEBUG][2017-07-09 11:37:40,081][com.gargoylesoftware.htmlunit.javascript.configuration.AbstractJavaScriptConfiguration]Mapping com.gargoylesoftware.htmlunit.html.HtmlListItem to HTMLLIElement
[DEBUG][2017-07-09 11:37:40,083][com.gargoylesoftware.htmlunit.javascript.configuration.AbstractJavaScriptConfiguration]Mapping com.gargoylesoftware.htmlunit.html.HtmlStyle to HTMLStyleElement
[DEBUG][2017-07-09 11:37:40,083][com.gargoylesoftware.htmlunit.javascript.configuration.AbstractJavaScriptConfiguration]Mapping com.gargoylesoftware.htmlunit.html.HtmlFrameSet to HTMLFrameSetElement
[DEBUG][2017-07-09 11:37:40,084][com.gargoylesoftware.htmlunit.javascript.configuration.AbstractJavaScriptConfiguration]Mapping com.gargoylesoftware.htmlunit.html.HtmlOption to HTMLOptionElement
[DEBUG][2017-07-09 11:37:40,085][com.gargoylesoftware.htmlunit.javascript.configuration.AbstractJavaScriptConfiguration]Mapping com.gargoylesoftware.htmlunit.html.HtmlEmbed to HTMLEmbedElement
[DEBUG][2017-07-09 11:37:40,085][com.gargoylesoftware.htmlunit.javascript.configuration.AbstractJavaScriptConfiguration]Mapping com.gargoylesoftware.htmlunit.html.DomProcessingInstruction to ProcessingInstruction
[DEBUG][2017-07-09 11:37:40,085][com.gargoylesoftware.htmlunit.javascript.configuration.AbstractJavaScriptConfiguration]Mapping com.gargoylesoftware.htmlunit.html.HtmlNextId to HTMLNextIdElement
[DEBUG][2017-07-09 11:37:40,086][com.gargoylesoftware.htmlunit.javascript.configuration.AbstractJavaScriptConfiguration]Mapping com.gargoylesoftware.htmlunit.html.HtmlBaseFont to HTMLBaseFontElement
[DEBUG][2017-07-09 11:37:40,086][com.gargoylesoftware.htmlunit.javascript.configuration.AbstractJavaScriptConfiguration]Mapping com.gargoylesoftware.htmlunit.html.HtmlMeta to HTMLMetaElement
[DEBUG][2017-07-09 11:37:40,086][com.gargoylesoftware.htmlunit.javascript.configuration.AbstractJavaScriptConfiguration]Mapping com.gargoylesoftware.htmlunit.html.HtmlBase to HTMLBaseElement
[DEBUG][2017-07-09 11:37:40,087][com.gargoylesoftware.htmlunit.javascript.configuration.AbstractJavaScriptConfiguration]Mapping com.gargoylesoftware.htmlunit.html.HtmlDataList to HTMLDataListElement
[DEBUG][2017-07-09 11:37:40,087][com.gargoylesoftware.htmlunit.javascript.configuration.AbstractJavaScriptConfiguration]Mapping com.gargoylesoftware.htmlunit.html.HtmlMap to HTMLMapElement
[DEBUG][2017-07-09 11:37:40,088][com.gargoylesoftware.htmlunit.javascript.configuration.AbstractJavaScriptConfiguration]Mapping com.gargoylesoftware.htmlunit.html.HtmlHtml to HTMLHtmlElement
[DEBUG][2017-07-09 11:37:40,089][com.gargoylesoftware.htmlunit.javascript.configuration.AbstractJavaScriptConfiguration]Mapping com.gargoylesoftware.htmlunit.html.DomText to Text
[DEBUG][2017-07-09 11:37:40,089][com.gargoylesoftware.htmlunit.javascript.configuration.AbstractJavaScriptConfiguration]Mapping com.gargoylesoftware.htmlunit.html.HtmlSelect to HTMLSelectElement
[DEBUG][2017-07-09 11:37:40,120][com.gargoylesoftware.htmlunit.javascript.configuration.AbstractJavaScriptConfiguration]Mapping com.gargoylesoftware.htmlunit.html.HtmlHorizontalRule to HTMLHRElement
[DEBUG][2017-07-09 11:37:40,121][com.gargoylesoftware.htmlunit.javascript.configuration.AbstractJavaScriptConfiguration]Mapping com.gargoylesoftware.htmlunit.html.HtmlDefinitionList to HTMLDListElement
[DEBUG][2017-07-09 11:37:40,122][com.gargoylesoftware.htmlunit.javascript.configuration.AbstractJavaScriptConfiguration]Mapping com.gargoylesoftware.htmlunit.html.HtmlScript to HTMLScriptElement
[DEBUG][2017-07-09 11:37:40,122][com.gargoylesoftware.htmlunit.javascript.configuration.AbstractJavaScriptConfiguration]Mapping com.gargoylesoftware.htmlunit.html.HtmlOrderedList to HTMLOListElement
[DEBUG][2017-07-09 11:37:40,123][com.gargoylesoftware.htmlunit.javascript.configuration.AbstractJavaScriptConfiguration]Mapping com.gargoylesoftware.htmlunit.html.HtmlOptionGroup to HTMLOptGroupElement
[DEBUG][2017-07-09 11:37:40,123][com.gargoylesoftware.htmlunit.javascript.configuration.AbstractJavaScriptConfiguration]Mapping com.gargoylesoftware.htmlunit.html.HtmlTableRow to HTMLTableRowElement
[DEBUG][2017-07-09 11:37:40,123][com.gargoylesoftware.htmlunit.javascript.configuration.AbstractJavaScriptConfiguration]Mapping com.gargoylesoftware.htmlunit.html.HtmlPreformattedText to HTMLBlockElement
[DEBUG][2017-07-09 11:37:40,124][com.gargoylesoftware.htmlunit.javascript.configuration.AbstractJavaScriptConfiguration]Mapping com.gargoylesoftware.htmlunit.html.HtmlExample to HTMLBlockElement
[DEBUG][2017-07-09 11:37:40,124][com.gargoylesoftware.htmlunit.javascript.configuration.AbstractJavaScriptConfiguration]Mapping com.gargoylesoftware.htmlunit.html.HtmlCenter to HTMLBlockElement
[DEBUG][2017-07-09 11:37:40,124][com.gargoylesoftware.htmlunit.javascript.configuration.AbstractJavaScriptConfiguration]Mapping com.gargoylesoftware.htmlunit.html.HtmlPlainText to HTMLBlockElement
[DEBUG][2017-07-09 11:37:40,124][com.gargoylesoftware.htmlunit.javascript.configuration.AbstractJavaScriptConfiguration]Mapping com.gargoylesoftware.htmlunit.html.HtmlListing to HTMLBlockElement
[DEBUG][2017-07-09 11:37:40,124][com.gargoylesoftware.htmlunit.javascript.configuration.AbstractJavaScriptConfiguration]Mapping com.gargoylesoftware.htmlunit.html.HtmlBlockQuote to HTMLBlockElement
[DEBUG][2017-07-09 11:37:40,125][com.gargoylesoftware.htmlunit.javascript.configuration.AbstractJavaScriptConfiguration]Mapping com.gargoylesoftware.htmlunit.html.HtmlAddress to HTMLBlockElement
[DEBUG][2017-07-09 11:37:40,125][com.gargoylesoftware.htmlunit.javascript.configuration.AbstractJavaScriptConfiguration]Mapping com.gargoylesoftware.htmlunit.html.HtmlFont to HTMLFontElement
[DEBUG][2017-07-09 11:37:40,125][com.gargoylesoftware.htmlunit.javascript.configuration.AbstractJavaScriptConfiguration]Mapping com.gargoylesoftware.htmlunit.html.HtmlLabel to HTMLLabelElement
[DEBUG][2017-07-09 11:37:40,125][com.gargoylesoftware.htmlunit.javascript.configuration.AbstractJavaScriptConfiguration]Mapping com.gargoylesoftware.htmlunit.html.DomCharacterData to CharacterDataImpl
[DEBUG][2017-07-09 11:37:40,125][com.gargoylesoftware.htmlunit.javascript.configuration.AbstractJavaScriptConfiguration]Mapping com.gargoylesoftware.htmlunit.html.HtmlParameter to HTMLParamElement
[DEBUG][2017-07-09 11:37:40,125][com.gargoylesoftware.htmlunit.javascript.configuration.AbstractJavaScriptConfiguration]Mapping com.gargoylesoftware.htmlunit.html.DomCDataSection to CDATASection
[DEBUG][2017-07-09 11:37:40,126][com.gargoylesoftware.htmlunit.javascript.configuration.AbstractJavaScriptConfiguration]Mapping com.gargoylesoftware.htmlunit.html.HtmlImage to HTMLImageElement
[DEBUG][2017-07-09 11:37:40,126][com.gargoylesoftware.htmlunit.javascript.configuration.AbstractJavaScriptConfiguration]Mapping com.gargoylesoftware.htmlunit.html.HtmlForm to HTMLFormElement
[DEBUG][2017-07-09 11:37:40,127][com.gargoylesoftware.htmlunit.javascript.configuration.AbstractJavaScriptConfiguration]Mapping com.gargoylesoftware.htmlunit.html.HtmlDirectory to HTMLUListElement
[DEBUG][2017-07-09 11:37:40,127][com.gargoylesoftware.htmlunit.javascript.configuration.AbstractJavaScriptConfiguration]Mapping com.gargoylesoftware.htmlunit.html.HtmlMenu to HTMLUListElement
[DEBUG][2017-07-09 11:37:40,127][com.gargoylesoftware.htmlunit.javascript.configuration.AbstractJavaScriptConfiguration]Mapping com.gargoylesoftware.htmlunit.html.HtmlUnorderedList to HTMLUListElement
[DEBUG][2017-07-09 11:37:40,128][com.gargoylesoftware.htmlunit.javascript.configuration.AbstractJavaScriptConfiguration]Mapping com.gargoylesoftware.htmlunit.html.HtmlTableCell to HTMLTableCellElement
[DEBUG][2017-07-09 11:37:40,129][com.gargoylesoftware.htmlunit.javascript.configuration.AbstractJavaScriptConfiguration]Mapping com.gargoylesoftware.htmlunit.html.HtmlButton to HTMLButtonElement
[DEBUG][2017-07-09 11:37:40,129][com.gargoylesoftware.htmlunit.javascript.configuration.AbstractJavaScriptConfiguration]Mapping com.gargoylesoftware.htmlunit.html.HtmlHeading6 to HTMLHeadingElement
[DEBUG][2017-07-09 11:37:40,130][com.gargoylesoftware.htmlunit.javascript.configuration.AbstractJavaScriptConfiguration]Mapping com.gargoylesoftware.htmlunit.html.HtmlHeading4 to HTMLHeadingElement
[DEBUG][2017-07-09 11:37:40,130][com.gargoylesoftware.htmlunit.javascript.configuration.AbstractJavaScriptConfiguration]Mapping com.gargoylesoftware.htmlunit.html.HtmlHeading1 to HTMLHeadingElement
[DEBUG][2017-07-09 11:37:40,130][com.gargoylesoftware.htmlunit.javascript.configuration.AbstractJavaScriptConfiguration]Mapping com.gargoylesoftware.htmlunit.html.HtmlHeading3 to HTMLHeadingElement
[DEBUG][2017-07-09 11:37:40,130][com.gargoylesoftware.htmlunit.javascript.configuration.AbstractJavaScriptConfiguration]Mapping com.gargoylesoftware.htmlunit.html.HtmlHeading5 to HTMLHeadingElement
[DEBUG][2017-07-09 11:37:40,131][com.gargoylesoftware.htmlunit.javascript.configuration.AbstractJavaScriptConfiguration]Mapping com.gargoylesoftware.htmlunit.html.HtmlHeading2 to HTMLHeadingElement
[DEBUG][2017-07-09 11:37:40,131][com.gargoylesoftware.htmlunit.javascript.configuration.AbstractJavaScriptConfiguration]Mapping com.gargoylesoftware.htmlunit.html.HtmlLegend to HTMLLegendElement
[DEBUG][2017-07-09 11:37:40,134][com.gargoylesoftware.htmlunit.javascript.configuration.AbstractJavaScriptConfiguration]Mapping com.gargoylesoftware.htmlunit.html.HtmlLink to HTMLLinkElement
[DEBUG][2017-07-09 11:37:40,135][com.gargoylesoftware.htmlunit.javascript.configuration.AbstractJavaScriptConfiguration]Mapping com.gargoylesoftware.htmlunit.html.HtmlMarquee to HTMLMarqueeElement
[DEBUG][2017-07-09 11:37:40,135][com.gargoylesoftware.htmlunit.javascript.configuration.AbstractJavaScriptConfiguration]Mapping com.gargoylesoftware.htmlunit.html.HtmlDefinitionDescription to HTMLDefinitionDescriptionElement
[DEBUG][2017-07-09 11:37:40,135][com.gargoylesoftware.htmlunit.javascript.configuration.AbstractJavaScriptConfiguration]Mapping com.gargoylesoftware.htmlunit.html.HtmlIsIndex to HTMLIsIndexElement
[DEBUG][2017-07-09 11:37:40,136][com.gargoylesoftware.htmlunit.javascript.configuration.AbstractJavaScriptConfiguration]Mapping com.gargoylesoftware.htmlunit.html.HtmlWordBreak to HTMLTextElement
[DEBUG][2017-07-09 11:37:40,136][com.gargoylesoftware.htmlunit.javascript.configuration.AbstractJavaScriptConfiguration]Mapping com.gargoylesoftware.htmlunit.html.HtmlFieldSet to HTMLFieldSetElement
[DEBUG][2017-07-09 11:37:40,136][com.gargoylesoftware.htmlunit.javascript.configuration.AbstractJavaScriptConfiguration]Mapping com.gargoylesoftware.htmlunit.html.HtmlHead to HTMLHeadElement
[DEBUG][2017-07-09 11:37:40,137][com.gargoylesoftware.htmlunit.javascript.configuration.AbstractJavaScriptConfiguration]Mapping com.gargoylesoftware.htmlunit.html.HtmlInlineFrame to HTMLIFrameElement
[DEBUG][2017-07-09 11:37:40,137][com.gargoylesoftware.htmlunit.javascript.configuration.AbstractJavaScriptConfiguration]Mapping com.gargoylesoftware.htmlunit.html.DomElement to Element
[DEBUG][2017-07-09 11:37:40,137][com.gargoylesoftware.htmlunit.javascript.configuration.AbstractJavaScriptConfiguration]Mapping com.gargoylesoftware.htmlunit.html.HtmlArea to HTMLAreaElement
[DEBUG][2017-07-09 11:37:40,138][com.gargoylesoftware.htmlunit.javascript.configuration.AbstractJavaScriptConfiguration]Mapping com.gargoylesoftware.htmlunit.html.HtmlTableFooter to HTMLTableSectionElement
[DEBUG][2017-07-09 11:37:40,138][com.gargoylesoftware.htmlunit.javascript.configuration.AbstractJavaScriptConfiguration]Mapping com.gargoylesoftware.htmlunit.html.HtmlTableBody to HTMLTableSectionElement
[DEBUG][2017-07-09 11:37:40,138][com.gargoylesoftware.htmlunit.javascript.configuration.AbstractJavaScriptConfiguration]Mapping com.gargoylesoftware.htmlunit.html.HtmlTableHeader to HTMLTableSectionElement
[DEBUG][2017-07-09 11:37:40,138][com.gargoylesoftware.htmlunit.javascript.configuration.AbstractJavaScriptConfiguration]Mapping com.gargoylesoftware.htmlunit.html.HtmlTextArea to HTMLTextAreaElement
[DEBUG][2017-07-09 11:37:40,139][com.gargoylesoftware.htmlunit.javascript.configuration.AbstractJavaScriptConfiguration]Mapping com.gargoylesoftware.htmlunit.html.HtmlBreak to HTMLBRElement
[DEBUG][2017-07-09 11:37:40,139][com.gargoylesoftware.htmlunit.javascript.configuration.AbstractJavaScriptConfiguration]Mapping com.gargoylesoftware.htmlunit.html.DomDocumentFragment to DocumentFragment
[DEBUG][2017-07-09 11:37:40,140][com.gargoylesoftware.htmlunit.javascript.configuration.AbstractJavaScriptConfiguration]Mapping com.gargoylesoftware.htmlunit.html.DomComment to Comment
[DEBUG][2017-07-09 11:37:40,140][com.gargoylesoftware.htmlunit.javascript.configuration.AbstractJavaScriptConfiguration]Mapping com.gargoylesoftware.htmlunit.html.HtmlObject to HTMLObjectElement
[DEBUG][2017-07-09 11:37:40,140][com.gargoylesoftware.htmlunit.javascript.configuration.AbstractJavaScriptConfiguration]Mapping com.gargoylesoftware.htmlunit.html.DomDocumentType to DocumentType
[DEBUG][2017-07-09 11:37:40,141][com.gargoylesoftware.htmlunit.javascript.configuration.AbstractJavaScriptConfiguration]Mapping com.gargoylesoftware.htmlunit.html.HtmlStrong to HTMLPhraseElement
[DEBUG][2017-07-09 11:37:40,141][com.gargoylesoftware.htmlunit.javascript.configuration.AbstractJavaScriptConfiguration]Mapping com.gargoylesoftware.htmlunit.html.HtmlInsertedText to HTMLPhraseElement
[DEBUG][2017-07-09 11:37:40,141][com.gargoylesoftware.htmlunit.javascript.configuration.AbstractJavaScriptConfiguration]Mapping com.gargoylesoftware.htmlunit.html.HtmlDefinition to HTMLPhraseElement
[DEBUG][2017-07-09 11:37:40,142][com.gargoylesoftware.htmlunit.javascript.configuration.AbstractJavaScriptConfiguration]Mapping com.gargoylesoftware.htmlunit.html.HtmlBlink to HTMLPhraseElement
[DEBUG][2017-07-09 11:37:40,142][com.gargoylesoftware.htmlunit.javascript.configuration.AbstractJavaScriptConfiguration]Mapping com.gargoylesoftware.htmlunit.html.HtmlVariable to HTMLPhraseElement
[DEBUG][2017-07-09 11:37:40,142][com.gargoylesoftware.htmlunit.javascript.configuration.AbstractJavaScriptConfiguration]Mapping com.gargoylesoftware.htmlunit.html.HtmlSample to HTMLPhraseElement
[DEBUG][2017-07-09 11:37:40,143][com.gargoylesoftware.htmlunit.javascript.configuration.AbstractJavaScriptConfiguration]Mapping com.gargoylesoftware.htmlunit.html.HtmlRuby to HTMLPhraseElement
[DEBUG][2017-07-09 11:37:40,143][com.gargoylesoftware.htmlunit.javascript.configuration.AbstractJavaScriptConfiguration]Mapping com.gargoylesoftware.htmlunit.html.HtmlBig to HTMLPhraseElement
[DEBUG][2017-07-09 11:37:40,143][com.gargoylesoftware.htmlunit.javascript.configuration.AbstractJavaScriptConfiguration]Mapping com.gargoylesoftware.htmlunit.html.HtmlAbbreviated to HTMLPhraseElement
[DEBUG][2017-07-09 11:37:40,143][com.gargoylesoftware.htmlunit.javascript.configuration.AbstractJavaScriptConfiguration]Mapping com.gargoylesoftware.htmlunit.html.HtmlTeletype to HTMLPhraseElement
[DEBUG][2017-07-09 11:37:40,143][com.gargoylesoftware.htmlunit.javascript.configuration.AbstractJavaScriptConfiguration]Mapping com.gargoylesoftware.htmlunit.html.HtmlSubscript to HTMLPhraseElement
[DEBUG][2017-07-09 11:37:40,144][com.gargoylesoftware.htmlunit.javascript.configuration.AbstractJavaScriptConfiguration]Mapping com.gargoylesoftware.htmlunit.html.HtmlRt to HTMLPhraseElement
[DEBUG][2017-07-09 11:37:40,144][com.gargoylesoftware.htmlunit.javascript.configuration.AbstractJavaScriptConfiguration]Mapping com.gargoylesoftware.htmlunit.html.HtmlCode to HTMLPhraseElement
[DEBUG][2017-07-09 11:37:40,145][com.gargoylesoftware.htmlunit.javascript.configuration.AbstractJavaScriptConfiguration]Mapping com.gargoylesoftware.htmlunit.html.HtmlCitation to HTMLPhraseElement
[DEBUG][2017-07-09 11:37:40,145][com.gargoylesoftware.htmlunit.javascript.configuration.AbstractJavaScriptConfiguration]Mapping com.gargoylesoftware.htmlunit.html.HtmlSuperscript to HTMLPhraseElement
[DEBUG][2017-07-09 11:37:40,146][com.gargoylesoftware.htmlunit.javascript.configuration.AbstractJavaScriptConfiguration]Mapping com.gargoylesoftware.htmlunit.html.HtmlDeletedText to HTMLPhraseElement
[DEBUG][2017-07-09 11:37:40,152][com.gargoylesoftware.htmlunit.javascript.configuration.AbstractJavaScriptConfiguration]Mapping com.gargoylesoftware.htmlunit.html.HtmlBold to HTMLPhraseElement
[DEBUG][2017-07-09 11:37:40,153][com.gargoylesoftware.htmlunit.javascript.configuration.AbstractJavaScriptConfiguration]Mapping com.gargoylesoftware.htmlunit.html.HtmlItalic to HTMLPhraseElement
[DEBUG][2017-07-09 11:37:40,153][com.gargoylesoftware.htmlunit.javascript.configuration.AbstractJavaScriptConfiguration]Mapping com.gargoylesoftware.htmlunit.html.HtmlBidirectionalOverride to HTMLPhraseElement
[DEBUG][2017-07-09 11:37:40,153][com.gargoylesoftware.htmlunit.javascript.configuration.AbstractJavaScriptConfiguration]Mapping com.gargoylesoftware.htmlunit.html.HtmlEmphasis to HTMLPhraseElement
[DEBUG][2017-07-09 11:37:40,154][com.gargoylesoftware.htmlunit.javascript.configuration.AbstractJavaScriptConfiguration]Mapping com.gargoylesoftware.htmlunit.html.HtmlKeyboard to HTMLPhraseElement
[DEBUG][2017-07-09 11:37:40,154][com.gargoylesoftware.htmlunit.javascript.configuration.AbstractJavaScriptConfiguration]Mapping com.gargoylesoftware.htmlunit.html.HtmlUnderlined to HTMLPhraseElement
[DEBUG][2017-07-09 11:37:40,154][com.gargoylesoftware.htmlunit.javascript.configuration.AbstractJavaScriptConfiguration]Mapping com.gargoylesoftware.htmlunit.html.HtmlS to HTMLPhraseElement
[DEBUG][2017-07-09 11:37:40,154][com.gargoylesoftware.htmlunit.javascript.configuration.AbstractJavaScriptConfiguration]Mapping com.gargoylesoftware.htmlunit.html.HtmlAcronym to HTMLPhraseElement
[DEBUG][2017-07-09 11:37:40,155][com.gargoylesoftware.htmlunit.javascript.configuration.AbstractJavaScriptConfiguration]Mapping com.gargoylesoftware.htmlunit.html.HtmlSmall to HTMLPhraseElement
[DEBUG][2017-07-09 11:37:40,155][com.gargoylesoftware.htmlunit.javascript.configuration.AbstractJavaScriptConfiguration]Mapping com.gargoylesoftware.htmlunit.html.HtmlStrike to HTMLPhraseElement
[DEBUG][2017-07-09 11:37:40,156][com.gargoylesoftware.htmlunit.javascript.configuration.AbstractJavaScriptConfiguration]Mapping com.gargoylesoftware.htmlunit.html.HtmlNoBreak to HTMLPhraseElement
[DEBUG][2017-07-09 11:37:40,156][com.gargoylesoftware.htmlunit.javascript.configuration.AbstractJavaScriptConfiguration]Mapping com.gargoylesoftware.htmlunit.html.HtmlInlineQuotation to HTMLPhraseElement
[DEBUG][2017-07-09 11:37:40,156][com.gargoylesoftware.htmlunit.javascript.configuration.AbstractJavaScriptConfiguration]Mapping com.gargoylesoftware.htmlunit.html.HtmlRp to HTMLPhraseElement
[DEBUG][2017-07-09 11:37:40,157][com.gargoylesoftware.htmlunit.javascript.configuration.AbstractJavaScriptConfiguration]Mapping com.gargoylesoftware.htmlunit.html.HtmlFrame to HTMLFrameElement
[DEBUG][2017-07-09 11:37:40,160][com.gargoylesoftware.htmlunit.javascript.configuration.AbstractJavaScriptConfiguration]Mapping com.gargoylesoftware.htmlunit.html.HtmlParagraph to HTMLParagraphElement
[DEBUG][2017-07-09 11:37:40,199][com.gargoylesoftware.htmlunit.javascript.configuration.AbstractJavaScriptConfiguration]Mapping com.gargoylesoftware.htmlunit.html.HtmlApplet to HTMLAppletElement
[DEBUG][2017-07-09 11:37:40,200][com.gargoylesoftware.htmlunit.javascript.configuration.AbstractJavaScriptConfiguration]Mapping com.gargoylesoftware.htmlunit.html.HtmlAnchor to HTMLAnchorElement
[DEBUG][2017-07-09 11:37:40,200][com.gargoylesoftware.htmlunit.javascript.configuration.AbstractJavaScriptConfiguration]Mapping com.gargoylesoftware.htmlunit.html.HtmlBody to HTMLBodyElement
[DEBUG][2017-07-09 11:37:40,236][com.gargoylesoftware.htmlunit.WebClient]Get page for window named '', using WebRequest[<url="http://www.lagou.com/jobs/positionAjax.json?gj=3-5%E5%B9%B4&px=default&city=%E6%AD%A6%E6%B1%89&kd=java&pageNo=1", GET, EncodingType[name=application/x-www-form-urlencoded], [], {Accept=image/gif, image/jpeg, image/pjpeg, image/pjpeg, */*, Accept-Encoding=gzip, deflate}, null>]
[DEBUG][2017-07-09 11:37:40,244][com.gargoylesoftware.htmlunit.WebClient]Load response for GET http://www.lagou.com/jobs/positionAjax.json?gj=3-5%E5%B9%B4&px=default&city=%E6%AD%A6%E6%B1%89&kd=java&pageNo=1
[DEBUG][2017-07-09 11:37:43,225][org.apache.http.client.protocol.RequestAddCookies]CookieSpec selected: mine
[DEBUG][2017-07-09 11:37:43,235][org.apache.http.client.protocol.RequestAuthCache]Auth cache not set in the context
[DEBUG][2017-07-09 11:37:43,240][org.apache.http.impl.conn.PoolingHttpClientConnectionManager]Connection request: [route: {}->http://www.lagou.com:80][total kept alive: 0; route allocated: 0 of 6; total allocated: 0 of 20]
[DEBUG][2017-07-09 11:37:43,286][org.apache.http.impl.conn.PoolingHttpClientConnectionManager]Connection leased: [id: 0][route: {}->http://www.lagou.com:80][total kept alive: 0; route allocated: 1 of 6; total allocated: 1 of 20]
[DEBUG][2017-07-09 11:37:43,290][org.apache.http.impl.execchain.MainClientExec]Opening connection {}->http://www.lagou.com:80
[DEBUG][2017-07-09 11:37:43,297][org.apache.http.impl.conn.HttpClientConnectionOperator]Connecting to www.lagou.com/106.75.72.57:80
[DEBUG][2017-07-09 11:37:55,713][org.apache.http.impl.conn.HttpClientConnectionOperator]Connection established 192.168.42.42:59526<->106.75.72.57:80
[DEBUG][2017-07-09 11:37:55,714][org.apache.http.impl.execchain.MainClientExec]Executing request GET /jobs/positionAjax.json?gj=3-5%E5%B9%B4&px=default&city=%E6%AD%A6%E6%B1%89&kd=java&pageNo=1 HTTP/1.1
[DEBUG][2017-07-09 11:37:55,714][org.apache.http.impl.execchain.MainClientExec]Target auth state: UNCHALLENGED
[DEBUG][2017-07-09 11:37:55,715][org.apache.http.impl.execchain.MainClientExec]Proxy auth state: UNCHALLENGED
[DEBUG][2017-07-09 11:37:55,718][org.apache.http.headers]http-outgoing-0 >> GET /jobs/positionAjax.json?gj=3-5%E5%B9%B4&px=default&city=%E6%AD%A6%E6%B1%89&kd=java&pageNo=1 HTTP/1.1
[DEBUG][2017-07-09 11:37:55,718][org.apache.http.headers]http-outgoing-0 >> User-Agent: Mozilla/4.0 (compatible; MSIE 8.0; Windows NT 6.0)
[DEBUG][2017-07-09 11:37:55,718][org.apache.http.headers]http-outgoing-0 >> Accept: image/gif, image/jpeg, image/pjpeg, image/pjpeg, */*
[DEBUG][2017-07-09 11:37:55,718][org.apache.http.headers]http-outgoing-0 >> Accept-Encoding: gzip, deflate
[DEBUG][2017-07-09 11:37:55,718][org.apache.http.headers]http-outgoing-0 >> Accept-Language: en-us
[DEBUG][2017-07-09 11:37:55,718][org.apache.http.headers]http-outgoing-0 >> Host: www.lagou.com
[DEBUG][2017-07-09 11:37:55,718][org.apache.http.headers]http-outgoing-0 >> Connection: Keep-Alive
[DEBUG][2017-07-09 11:37:55,719][org.apache.http.wire]http-outgoing-0 >> "GET /jobs/positionAjax.json?gj=3-5%E5%B9%B4&px=default&city=%E6%AD%A6%E6%B1%89&kd=java&pageNo=1 HTTP/1.1[\r][\n]"
[DEBUG][2017-07-09 11:37:55,719][org.apache.http.wire]http-outgoing-0 >> "User-Agent: Mozilla/4.0 (compatible; MSIE 8.0; Windows NT 6.0)[\r][\n]"
[DEBUG][2017-07-09 11:37:55,719][org.apache.http.wire]http-outgoing-0 >> "Accept: image/gif, image/jpeg, image/pjpeg, image/pjpeg, */*[\r][\n]"
[DEBUG][2017-07-09 11:37:55,719][org.apache.http.wire]http-outgoing-0 >> "Accept-Encoding: gzip, deflate[\r][\n]"
[DEBUG][2017-07-09 11:37:55,719][org.apache.http.wire]http-outgoing-0 >> "Accept-Language: en-us[\r][\n]"
[DEBUG][2017-07-09 11:37:55,719][org.apache.http.wire]http-outgoing-0 >> "Host: www.lagou.com[\r][\n]"
[DEBUG][2017-07-09 11:37:55,719][org.apache.http.wire]http-outgoing-0 >> "Connection: Keep-Alive[\r][\n]"
[DEBUG][2017-07-09 11:37:55,719][org.apache.http.wire]http-outgoing-0 >> "[\r][\n]"
[DEBUG][2017-07-09 11:39:06,252][org.apache.http.wire]http-outgoing-0 << "[read] I/O error: Software caused connection abort: recv failed"
[DEBUG][2017-07-09 11:39:06,252][org.apache.http.impl.conn.DefaultManagedHttpClientConnection]http-outgoing-0: Close connection
[DEBUG][2017-07-09 11:39:06,253][org.apache.http.impl.conn.DefaultManagedHttpClientConnection]http-outgoing-0: Shutdown connection
[DEBUG][2017-07-09 11:39:06,253][org.apache.http.impl.execchain.MainClientExec]Connection discarded
[DEBUG][2017-07-09 11:39:06,253][org.apache.http.impl.conn.DefaultManagedHttpClientConnection]http-outgoing-0: Close connection
[DEBUG][2017-07-09 11:39:06,253][org.apache.http.impl.conn.PoolingHttpClientConnectionManager]Connection released: [id: 0][route: {}->http://www.lagou.com:80][total kept alive: 0; route allocated: 0 of 6; total allocated: 0 of 20]
[INFO][2017-07-09 11:39:06,255][org.apache.http.impl.execchain.RetryExec]I/O exception (java.net.SocketException) caught when processing request to {}->http://www.lagou.com:80: Software caused connection abort: recv failed
[DEBUG][2017-07-09 11:39:06,256][org.apache.http.impl.execchain.RetryExec]Software caused connection abort: recv failed
java.net.SocketException: Software caused connection abort: recv failed
	at java.net.SocketInputStream.socketRead0(Native Method)
	at java.net.SocketInputStream.socketRead(SocketInputStream.java:116)
	at java.net.SocketInputStream.read(SocketInputStream.java:170)
	at java.net.SocketInputStream.read(SocketInputStream.java:141)
	at org.apache.http.impl.conn.LoggingInputStream.read(LoggingInputStream.java:87)
	at org.apache.http.impl.io.SessionInputBufferImpl.streamRead(SessionInputBufferImpl.java:136)
	at org.apache.http.impl.io.SessionInputBufferImpl.fillBuffer(SessionInputBufferImpl.java:152)
	at org.apache.http.impl.io.SessionInputBufferImpl.readLine(SessionInputBufferImpl.java:270)
	at org.apache.http.impl.conn.DefaultHttpResponseParser.parseHead(DefaultHttpResponseParser.java:140)
	at org.apache.http.impl.conn.DefaultHttpResponseParser.parseHead(DefaultHttpResponseParser.java:57)
	at org.apache.http.impl.io.AbstractMessageParser.parse(AbstractMessageParser.java:260)
	at org.apache.http.impl.DefaultBHttpClientConnection.receiveResponseHeader(DefaultBHttpClientConnection.java:161)
	at org.apache.http.impl.conn.CPoolProxy.receiveResponseHeader(CPoolProxy.java:153)
	at org.apache.http.protocol.HttpRequestExecutor.doReceiveResponse(HttpRequestExecutor.java:271)
	at org.apache.http.protocol.HttpRequestExecutor.execute(HttpRequestExecutor.java:123)
	at org.apache.http.impl.execchain.MainClientExec.execute(MainClientExec.java:254)
	at org.apache.http.impl.execchain.ProtocolExec.execute(ProtocolExec.java:195)
	at org.apache.http.impl.execchain.RetryExec.execute(RetryExec.java:86)
	at org.apache.http.impl.execchain.RedirectExec.execute(RedirectExec.java:108)
	at org.apache.http.impl.client.InternalHttpClient.doExecute(InternalHttpClient.java:184)
	at org.apache.http.impl.client.CloseableHttpClient.execute(CloseableHttpClient.java:72)
	at com.gargoylesoftware.htmlunit.HttpWebConnection.getResponse(HttpWebConnection.java:178)
	at com.gargoylesoftware.htmlunit.WebClient.loadWebResponseFromWebConnection(WebClient.java:1313)
	at com.gargoylesoftware.htmlunit.WebClient.loadWebResponse(WebClient.java:1230)
	at com.gargoylesoftware.htmlunit.WebClient.getPage(WebClient.java:338)
	at com.gargoylesoftware.htmlunit.WebClient.getPage(WebClient.java:407)
	at org.openqa.selenium.htmlunit.HtmlUnitDriver.get(HtmlUnitDriver.java:480)
	at org.openqa.selenium.htmlunit.HtmlUnitDriver.get(HtmlUnitDriver.java:469)
	at cn.edu.hfut.dmic.webcollector.crawler.lagou.JobCrawler.main(JobCrawler.java:17)
[INFO][2017-07-09 11:39:06,262][org.apache.http.impl.execchain.RetryExec]Retrying request to {}->http://www.lagou.com:80
[DEBUG][2017-07-09 11:39:06,263][org.apache.http.client.protocol.RequestAddCookies]CookieSpec selected: mine
[DEBUG][2017-07-09 11:39:06,264][org.apache.http.client.protocol.RequestAuthCache]Auth cache not set in the context
[DEBUG][2017-07-09 11:39:06,264][org.apache.http.impl.conn.PoolingHttpClientConnectionManager]Connection request: [route: {}->http://www.lagou.com:80][total kept alive: 0; route allocated: 0 of 6; total allocated: 0 of 20]
[DEBUG][2017-07-09 11:39:06,264][org.apache.http.impl.conn.PoolingHttpClientConnectionManager]Connection leased: [id: 1][route: {}->http://www.lagou.com:80][total kept alive: 0; route allocated: 1 of 6; total allocated: 1 of 20]
[DEBUG][2017-07-09 11:39:06,264][org.apache.http.impl.execchain.MainClientExec]Opening connection {}->http://www.lagou.com:80
[DEBUG][2017-07-09 11:39:06,269][org.apache.http.impl.conn.HttpClientConnectionOperator]Connecting to www.lagou.com/106.75.72.57:80
[DEBUG][2017-07-09 11:39:08,026][org.apache.http.impl.conn.HttpClientConnectionOperator]Connection established 192.168.42.42:59583<->106.75.72.57:80
[DEBUG][2017-07-09 11:39:08,026][org.apache.http.impl.execchain.MainClientExec]Executing request GET /jobs/positionAjax.json?gj=3-5%E5%B9%B4&px=default&city=%E6%AD%A6%E6%B1%89&kd=java&pageNo=1 HTTP/1.1
[DEBUG][2017-07-09 11:39:08,026][org.apache.http.impl.execchain.MainClientExec]Target auth state: UNCHALLENGED
[DEBUG][2017-07-09 11:39:08,026][org.apache.http.impl.execchain.MainClientExec]Proxy auth state: UNCHALLENGED
[DEBUG][2017-07-09 11:39:08,027][org.apache.http.headers]http-outgoing-1 >> GET /jobs/positionAjax.json?gj=3-5%E5%B9%B4&px=default&city=%E6%AD%A6%E6%B1%89&kd=java&pageNo=1 HTTP/1.1
[DEBUG][2017-07-09 11:39:08,027][org.apache.http.headers]http-outgoing-1 >> User-Agent: Mozilla/4.0 (compatible; MSIE 8.0; Windows NT 6.0)
[DEBUG][2017-07-09 11:39:08,027][org.apache.http.headers]http-outgoing-1 >> Accept: image/gif, image/jpeg, image/pjpeg, image/pjpeg, */*
[DEBUG][2017-07-09 11:39:08,027][org.apache.http.headers]http-outgoing-1 >> Accept-Encoding: gzip, deflate
[DEBUG][2017-07-09 11:39:08,027][org.apache.http.headers]http-outgoing-1 >> Accept-Language: en-us
[DEBUG][2017-07-09 11:39:08,027][org.apache.http.headers]http-outgoing-1 >> Host: www.lagou.com
[DEBUG][2017-07-09 11:39:08,027][org.apache.http.headers]http-outgoing-1 >> Connection: Keep-Alive
[DEBUG][2017-07-09 11:39:08,027][org.apache.http.wire]http-outgoing-1 >> "GET /jobs/positionAjax.json?gj=3-5%E5%B9%B4&px=default&city=%E6%AD%A6%E6%B1%89&kd=java&pageNo=1 HTTP/1.1[\r][\n]"
[DEBUG][2017-07-09 11:39:08,027][org.apache.http.wire]http-outgoing-1 >> "User-Agent: Mozilla/4.0 (compatible; MSIE 8.0; Windows NT 6.0)[\r][\n]"
[DEBUG][2017-07-09 11:39:08,027][org.apache.http.wire]http-outgoing-1 >> "Accept: image/gif, image/jpeg, image/pjpeg, image/pjpeg, */*[\r][\n]"
[DEBUG][2017-07-09 11:39:08,027][org.apache.http.wire]http-outgoing-1 >> "Accept-Encoding: gzip, deflate[\r][\n]"
[DEBUG][2017-07-09 11:39:08,027][org.apache.http.wire]http-outgoing-1 >> "Accept-Language: en-us[\r][\n]"
[DEBUG][2017-07-09 11:39:08,027][org.apache.http.wire]http-outgoing-1 >> "Host: www.lagou.com[\r][\n]"
[DEBUG][2017-07-09 11:39:08,027][org.apache.http.wire]http-outgoing-1 >> "Connection: Keep-Alive[\r][\n]"
[DEBUG][2017-07-09 11:39:08,028][org.apache.http.wire]http-outgoing-1 >> "[\r][\n]"
[DEBUG][2017-07-09 11:39:13,004][org.apache.http.wire]http-outgoing-1 << "[read] I/O error: Software caused connection abort: recv failed"
[DEBUG][2017-07-09 11:39:13,004][org.apache.http.impl.conn.DefaultManagedHttpClientConnection]http-outgoing-1: Close connection
[DEBUG][2017-07-09 11:39:13,004][org.apache.http.impl.conn.DefaultManagedHttpClientConnection]http-outgoing-1: Shutdown connection
[DEBUG][2017-07-09 11:39:13,004][org.apache.http.impl.execchain.MainClientExec]Connection discarded
[DEBUG][2017-07-09 11:39:13,004][org.apache.http.impl.conn.DefaultManagedHttpClientConnection]http-outgoing-1: Close connection
[DEBUG][2017-07-09 11:39:13,004][org.apache.http.impl.conn.PoolingHttpClientConnectionManager]Connection released: [id: 1][route: {}->http://www.lagou.com:80][total kept alive: 0; route allocated: 0 of 6; total allocated: 0 of 20]
[INFO][2017-07-09 11:39:13,004][org.apache.http.impl.execchain.RetryExec]I/O exception (java.net.SocketException) caught when processing request to {}->http://www.lagou.com:80: Software caused connection abort: recv failed
[DEBUG][2017-07-09 11:39:13,005][org.apache.http.impl.execchain.RetryExec]Software caused connection abort: recv failed
java.net.SocketException: Software caused connection abort: recv failed
	at java.net.SocketInputStream.socketRead0(Native Method)
	at java.net.SocketInputStream.socketRead(SocketInputStream.java:116)
	at java.net.SocketInputStream.read(SocketInputStream.java:170)
	at java.net.SocketInputStream.read(SocketInputStream.java:141)
	at org.apache.http.impl.conn.LoggingInputStream.read(LoggingInputStream.java:87)
	at org.apache.http.impl.io.SessionInputBufferImpl.streamRead(SessionInputBufferImpl.java:136)
	at org.apache.http.impl.io.SessionInputBufferImpl.fillBuffer(SessionInputBufferImpl.java:152)
	at org.apache.http.impl.io.SessionInputBufferImpl.readLine(SessionInputBufferImpl.java:270)
	at org.apache.http.impl.conn.DefaultHttpResponseParser.parseHead(DefaultHttpResponseParser.java:140)
	at org.apache.http.impl.conn.DefaultHttpResponseParser.parseHead(DefaultHttpResponseParser.java:57)
	at org.apache.http.impl.io.AbstractMessageParser.parse(AbstractMessageParser.java:260)
	at org.apache.http.impl.DefaultBHttpClientConnection.receiveResponseHeader(DefaultBHttpClientConnection.java:161)
	at org.apache.http.impl.conn.CPoolProxy.receiveResponseHeader(CPoolProxy.java:153)
	at org.apache.http.protocol.HttpRequestExecutor.doReceiveResponse(HttpRequestExecutor.java:271)
	at org.apache.http.protocol.HttpRequestExecutor.execute(HttpRequestExecutor.java:123)
	at org.apache.http.impl.execchain.MainClientExec.execute(MainClientExec.java:254)
	at org.apache.http.impl.execchain.ProtocolExec.execute(ProtocolExec.java:195)
	at org.apache.http.impl.execchain.RetryExec.execute(RetryExec.java:86)
	at org.apache.http.impl.execchain.RedirectExec.execute(RedirectExec.java:108)
	at org.apache.http.impl.client.InternalHttpClient.doExecute(InternalHttpClient.java:184)
	at org.apache.http.impl.client.CloseableHttpClient.execute(CloseableHttpClient.java:72)
	at com.gargoylesoftware.htmlunit.HttpWebConnection.getResponse(HttpWebConnection.java:178)
	at com.gargoylesoftware.htmlunit.WebClient.loadWebResponseFromWebConnection(WebClient.java:1313)
	at com.gargoylesoftware.htmlunit.WebClient.loadWebResponse(WebClient.java:1230)
	at com.gargoylesoftware.htmlunit.WebClient.getPage(WebClient.java:338)
	at com.gargoylesoftware.htmlunit.WebClient.getPage(WebClient.java:407)
	at org.openqa.selenium.htmlunit.HtmlUnitDriver.get(HtmlUnitDriver.java:480)
	at org.openqa.selenium.htmlunit.HtmlUnitDriver.get(HtmlUnitDriver.java:469)
	at cn.edu.hfut.dmic.webcollector.crawler.lagou.JobCrawler.main(JobCrawler.java:17)
[INFO][2017-07-09 11:39:13,005][org.apache.http.impl.execchain.RetryExec]Retrying request to {}->http://www.lagou.com:80
[DEBUG][2017-07-09 11:39:13,006][org.apache.http.client.protocol.RequestAddCookies]CookieSpec selected: mine
[DEBUG][2017-07-09 11:39:13,006][org.apache.http.client.protocol.RequestAuthCache]Auth cache not set in the context
[DEBUG][2017-07-09 11:39:13,006][org.apache.http.impl.conn.PoolingHttpClientConnectionManager]Connection request: [route: {}->http://www.lagou.com:80][total kept alive: 0; route allocated: 0 of 6; total allocated: 0 of 20]
[DEBUG][2017-07-09 11:39:13,006][org.apache.http.impl.conn.PoolingHttpClientConnectionManager]Connection leased: [id: 2][route: {}->http://www.lagou.com:80][total kept alive: 0; route allocated: 1 of 6; total allocated: 1 of 20]
[DEBUG][2017-07-09 11:39:13,006][org.apache.http.impl.execchain.MainClientExec]Opening connection {}->http://www.lagou.com:80
[DEBUG][2017-07-09 11:39:13,006][org.apache.http.impl.conn.HttpClientConnectionOperator]Connecting to www.lagou.com/106.75.72.57:80
[DEBUG][2017-07-09 11:39:17,780][org.apache.http.impl.conn.HttpClientConnectionOperator]Connection established 192.168.42.42:59592<->106.75.72.57:80
[DEBUG][2017-07-09 11:39:17,780][org.apache.http.impl.execchain.MainClientExec]Executing request GET /jobs/positionAjax.json?gj=3-5%E5%B9%B4&px=default&city=%E6%AD%A6%E6%B1%89&kd=java&pageNo=1 HTTP/1.1
[DEBUG][2017-07-09 11:39:17,780][org.apache.http.impl.execchain.MainClientExec]Target auth state: UNCHALLENGED
[DEBUG][2017-07-09 11:39:17,780][org.apache.http.impl.execchain.MainClientExec]Proxy auth state: UNCHALLENGED
[DEBUG][2017-07-09 11:39:17,780][org.apache.http.headers]http-outgoing-2 >> GET /jobs/positionAjax.json?gj=3-5%E5%B9%B4&px=default&city=%E6%AD%A6%E6%B1%89&kd=java&pageNo=1 HTTP/1.1
[DEBUG][2017-07-09 11:39:17,780][org.apache.http.headers]http-outgoing-2 >> User-Agent: Mozilla/4.0 (compatible; MSIE 8.0; Windows NT 6.0)
[DEBUG][2017-07-09 11:39:17,781][org.apache.http.headers]http-outgoing-2 >> Accept: image/gif, image/jpeg, image/pjpeg, image/pjpeg, */*
[DEBUG][2017-07-09 11:39:17,781][org.apache.http.headers]http-outgoing-2 >> Accept-Encoding: gzip, deflate
[DEBUG][2017-07-09 11:39:17,781][org.apache.http.headers]http-outgoing-2 >> Accept-Language: en-us
[DEBUG][2017-07-09 11:39:17,781][org.apache.http.headers]http-outgoing-2 >> Host: www.lagou.com
[DEBUG][2017-07-09 11:39:17,781][org.apache.http.headers]http-outgoing-2 >> Connection: Keep-Alive
[DEBUG][2017-07-09 11:39:17,781][org.apache.http.wire]http-outgoing-2 >> "GET /jobs/positionAjax.json?gj=3-5%E5%B9%B4&px=default&city=%E6%AD%A6%E6%B1%89&kd=java&pageNo=1 HTTP/1.1[\r][\n]"
[DEBUG][2017-07-09 11:39:17,781][org.apache.http.wire]http-outgoing-2 >> "User-Agent: Mozilla/4.0 (compatible; MSIE 8.0; Windows NT 6.0)[\r][\n]"
[DEBUG][2017-07-09 11:39:17,781][org.apache.http.wire]http-outgoing-2 >> "Accept: image/gif, image/jpeg, image/pjpeg, image/pjpeg, */*[\r][\n]"
[DEBUG][2017-07-09 11:39:17,781][org.apache.http.wire]http-outgoing-2 >> "Accept-Encoding: gzip, deflate[\r][\n]"
[DEBUG][2017-07-09 11:39:17,781][org.apache.http.wire]http-outgoing-2 >> "Accept-Language: en-us[\r][\n]"
[DEBUG][2017-07-09 11:39:17,781][org.apache.http.wire]http-outgoing-2 >> "Host: www.lagou.com[\r][\n]"
[DEBUG][2017-07-09 11:39:17,781][org.apache.http.wire]http-outgoing-2 >> "Connection: Keep-Alive[\r][\n]"
[DEBUG][2017-07-09 11:39:17,781][org.apache.http.wire]http-outgoing-2 >> "[\r][\n]"
